{"C:\\Users\\Administrator\\Documents\\GitHub\\game\\apps\\api\\src\\data\\pathGuards.ts": {"path":"C:\\Users\\Administrator\\Documents\\GitHub\\game\\apps\\api\\src\\data\\pathGuards.ts","statementMap":{"0":{"start":{"line":4,"column":29},"end":{"line":4,"column":null}},"1":{"start":{"line":7,"column":2},"end":{"line":9,"column":null}},"2":{"start":{"line":8,"column":4},"end":{"line":8,"column":null}},"3":{"start":{"line":10,"column":2},"end":{"line":10,"column":null}},"4":{"start":{"line":14,"column":8},"end":{"line":14,"column":null}},"5":{"start":{"line":15,"column":8},"end":{"line":15,"column":null}},"6":{"start":{"line":16,"column":8},"end":{"line":16,"column":null}},"7":{"start":{"line":17,"column":2},"end":{"line":19,"column":null}},"8":{"start":{"line":18,"column":4},"end":{"line":18,"column":null}},"9":{"start":{"line":20,"column":2},"end":{"line":20,"column":null}},"10":{"start":{"line":24,"column":2},"end":{"line":24,"column":null}},"11":{"start":{"line":25,"column":2},"end":{"line":25,"column":null}}},"fnMap":{"0":{"name":"assertSafeId","decl":{"start":{"line":6,"column":16},"end":{"line":6,"column":29}},"loc":{"start":{"line":6,"column":58},"end":{"line":11,"column":null}},"line":6},"1":{"name":"resolveInside","decl":{"start":{"line":13,"column":16},"end":{"line":13,"column":30}},"loc":{"start":{"line":13,"column":67},"end":{"line":21,"column":null}},"line":13},"2":{"name":"ensureDir","decl":{"start":{"line":23,"column":16},"end":{"line":23,"column":26}},"loc":{"start":{"line":23,"column":40},"end":{"line":26,"column":null}},"line":23}},"branchMap":{"0":{"loc":{"start":{"line":6,"column":44},"end":{"line":6,"column":58}},"type":"default-arg","locations":[{"start":{"line":6,"column":52},"end":{"line":6,"column":58}}],"line":6},"1":{"loc":{"start":{"line":7,"column":2},"end":{"line":9,"column":null}},"type":"if","locations":[{"start":{"line":7,"column":2},"end":{"line":9,"column":null}},{"start":{},"end":{}}],"line":7},"2":{"loc":{"start":{"line":17,"column":2},"end":{"line":19,"column":null}},"type":"if","locations":[{"start":{"line":17,"column":2},"end":{"line":19,"column":null}},{"start":{},"end":{}}],"line":17},"3":{"loc":{"start":{"line":17,"column":6},"end":{"line":17,"column":47}},"type":"binary-expr","locations":[{"start":{"line":17,"column":6},"end":{"line":17,"column":30}},{"start":{"line":17,"column":25},"end":{"line":17,"column":47}}],"line":17}},"s":{"0":4,"1":205,"2":6,"3":199,"4":312,"5":312,"6":312,"7":312,"8":1,"9":311,"10":15,"11":15},"f":{"0":205,"1":312,"2":15},"b":{"0":[205],"1":[6,199],"2":[1,311],"3":[312,311]},"meta":{"lastBranch":4,"lastFunction":3,"lastStatement":12,"seen":{"s:4:29:4:Infinity":0,"f:6:16:6:29":0,"b:6:52:6:58":0,"b:7:2:9:Infinity:undefined:undefined:undefined:undefined":1,"s:7:2:9:Infinity":1,"s:8:4:8:Infinity":2,"s:10:2:10:Infinity":3,"f:13:16:13:30":1,"s:14:8:14:Infinity":4,"s:15:8:15:Infinity":5,"s:16:8:16:Infinity":6,"b:17:2:19:Infinity:undefined:undefined:undefined:undefined":2,"s:17:2:19:Infinity":7,"b:17:6:17:30:17:25:17:47":3,"s:18:4:18:Infinity":8,"s:20:2:20:Infinity":9,"f:23:16:23:26":2,"s:24:2:24:Infinity":10,"s:25:2:25:Infinity":11}}}
,"C:\\Users\\Administrator\\Documents\\GitHub\\game\\apps\\api\\src\\data\\pluginPackageIndex.ts": {"path":"C:\\Users\\Administrator\\Documents\\GitHub\\game\\apps\\api\\src\\data\\pluginPackageIndex.ts","statementMap":{"0":{"start":{"line":20,"column":34},"end":{"line":29,"column":null}},"1":{"start":{"line":32,"column":2},"end":{"line":36,"column":null}},"2":{"start":{"line":33,"column":10},"end":{"line":33,"column":null}},"3":{"start":{"line":34,"column":4},"end":{"line":34,"column":null}},"4":{"start":{"line":34,"column":27},"end":{"line":34,"column":null}},"5":{"start":{"line":35,"column":4},"end":{"line":35,"column":null}},"6":{"start":{"line":37,"column":2},"end":{"line":41,"column":null}},"7":{"start":{"line":38,"column":10},"end":{"line":38,"column":null}},"8":{"start":{"line":39,"column":4},"end":{"line":39,"column":null}},"9":{"start":{"line":39,"column":27},"end":{"line":39,"column":null}},"10":{"start":{"line":40,"column":4},"end":{"line":40,"column":null}},"11":{"start":{"line":44,"column":2},"end":{"line":48,"column":null}},"12":{"start":{"line":45,"column":10},"end":{"line":45,"column":null}},"13":{"start":{"line":46,"column":4},"end":{"line":46,"column":null}},"14":{"start":{"line":46,"column":27},"end":{"line":46,"column":null}},"15":{"start":{"line":47,"column":4},"end":{"line":47,"column":null}},"16":{"start":{"line":51,"column":2},"end":{"line":55,"column":null}},"17":{"start":{"line":52,"column":10},"end":{"line":52,"column":null}},"18":{"start":{"line":53,"column":4},"end":{"line":53,"column":null}},"19":{"start":{"line":53,"column":27},"end":{"line":53,"column":null}},"20":{"start":{"line":54,"column":4},"end":{"line":54,"column":null}},"21":{"start":{"line":58,"column":2},"end":{"line":62,"column":null}},"22":{"start":{"line":59,"column":10},"end":{"line":59,"column":null}},"23":{"start":{"line":60,"column":4},"end":{"line":60,"column":null}},"24":{"start":{"line":60,"column":27},"end":{"line":60,"column":null}},"25":{"start":{"line":61,"column":4},"end":{"line":61,"column":null}},"26":{"start":{"line":65,"column":2},"end":{"line":90,"column":null}},"27":{"start":{"line":66,"column":28},"end":{"line":66,"column":null}},"28":{"start":{"line":67,"column":4},"end":{"line":74,"column":null}},"29":{"start":{"line":68,"column":6},"end":{"line":73,"column":null}},"30":{"start":{"line":69,"column":8},"end":{"line":69,"column":null}},"31":{"start":{"line":69,"column":53},"end":{"line":69,"column":null}},"32":{"start":{"line":70,"column":14},"end":{"line":70,"column":null}},"33":{"start":{"line":71,"column":8},"end":{"line":71,"column":null}},"34":{"start":{"line":71,"column":31},"end":{"line":71,"column":null}},"35":{"start":{"line":72,"column":8},"end":{"line":72,"column":null}},"36":{"start":{"line":75,"column":4},"end":{"line":79,"column":null}},"37":{"start":{"line":76,"column":12},"end":{"line":76,"column":null}},"38":{"start":{"line":77,"column":6},"end":{"line":77,"column":null}},"39":{"start":{"line":77,"column":29},"end":{"line":77,"column":null}},"40":{"start":{"line":78,"column":6},"end":{"line":78,"column":null}},"41":{"start":{"line":80,"column":4},"end":{"line":88,"column":null}},"42":{"start":{"line":81,"column":23},"end":{"line":81,"column":null}},"43":{"start":{"line":82,"column":6},"end":{"line":87,"column":null}},"44":{"start":{"line":83,"column":8},"end":{"line":83,"column":null}},"45":{"start":{"line":83,"column":44},"end":{"line":83,"column":null}},"46":{"start":{"line":84,"column":14},"end":{"line":84,"column":null}},"47":{"start":{"line":85,"column":8},"end":{"line":85,"column":null}},"48":{"start":{"line":85,"column":31},"end":{"line":85,"column":null}},"49":{"start":{"line":86,"column":8},"end":{"line":86,"column":null}},"50":{"start":{"line":89,"column":4},"end":{"line":89,"column":null}},"51":{"start":{"line":93,"column":2},"end":{"line":97,"column":null}},"52":{"start":{"line":94,"column":4},"end":{"line":94,"column":null}},"53":{"start":{"line":94,"column":18},"end":{"line":94,"column":null}},"54":{"start":{"line":95,"column":10},"end":{"line":95,"column":null}},"55":{"start":{"line":96,"column":4},"end":{"line":96,"column":null}},"56":{"start":{"line":96,"column":27},"end":{"line":96,"column":null}},"57":{"start":{"line":100,"column":2},"end":{"line":105,"column":null}},"58":{"start":{"line":101,"column":10},"end":{"line":101,"column":null}},"59":{"start":{"line":102,"column":4},"end":{"line":104,"column":null}},"60":{"start":{"line":103,"column":6},"end":{"line":103,"column":null}},"61":{"start":{"line":107,"column":2},"end":{"line":107,"column":null}},"62":{"start":{"line":111,"column":2},"end":{"line":111,"column":null}}},"fnMap":{"0":{"name":"buildPluginIndex","decl":{"start":{"line":16,"column":16},"end":{"line":16,"column":null}},"loc":{"start":{"line":19,"column":20},"end":{"line":108,"column":null}},"line":19},"1":{"name":"throwMissing","decl":{"start":{"line":110,"column":9},"end":{"line":110,"column":22}},"loc":{"start":{"line":110,"column":58},"end":{"line":112,"column":null}},"line":110}},"branchMap":{"0":{"loc":{"start":{"line":32,"column":2},"end":{"line":36,"column":null}},"type":"if","locations":[{"start":{"line":32,"column":2},"end":{"line":36,"column":null}},{"start":{},"end":{}}],"line":32},"1":{"loc":{"start":{"line":34,"column":4},"end":{"line":34,"column":null}},"type":"if","locations":[{"start":{"line":34,"column":4},"end":{"line":34,"column":null}},{"start":{},"end":{}}],"line":34},"2":{"loc":{"start":{"line":39,"column":4},"end":{"line":39,"column":null}},"type":"if","locations":[{"start":{"line":39,"column":4},"end":{"line":39,"column":null}},{"start":{},"end":{}}],"line":39},"3":{"loc":{"start":{"line":46,"column":4},"end":{"line":46,"column":null}},"type":"if","locations":[{"start":{"line":46,"column":4},"end":{"line":46,"column":null}},{"start":{},"end":{}}],"line":46},"4":{"loc":{"start":{"line":53,"column":4},"end":{"line":53,"column":null}},"type":"if","locations":[{"start":{"line":53,"column":4},"end":{"line":53,"column":null}},{"start":{},"end":{}}],"line":53},"5":{"loc":{"start":{"line":60,"column":4},"end":{"line":60,"column":null}},"type":"if","locations":[{"start":{"line":60,"column":4},"end":{"line":60,"column":null}},{"start":{},"end":{}}],"line":60},"6":{"loc":{"start":{"line":67,"column":4},"end":{"line":74,"column":null}},"type":"if","locations":[{"start":{"line":67,"column":4},"end":{"line":74,"column":null}},{"start":{},"end":{}}],"line":67},"7":{"loc":{"start":{"line":69,"column":8},"end":{"line":69,"column":null}},"type":"if","locations":[{"start":{"line":69,"column":8},"end":{"line":69,"column":null}},{"start":{},"end":{}}],"line":69},"8":{"loc":{"start":{"line":69,"column":12},"end":{"line":69,"column":53}},"type":"binary-expr","locations":[{"start":{"line":69,"column":12},"end":{"line":69,"column":43}},{"start":{"line":69,"column":43},"end":{"line":69,"column":53}}],"line":69},"9":{"loc":{"start":{"line":71,"column":8},"end":{"line":71,"column":null}},"type":"if","locations":[{"start":{"line":71,"column":8},"end":{"line":71,"column":null}},{"start":{},"end":{}}],"line":71},"10":{"loc":{"start":{"line":77,"column":6},"end":{"line":77,"column":null}},"type":"if","locations":[{"start":{"line":77,"column":6},"end":{"line":77,"column":null}},{"start":{},"end":{}}],"line":77},"11":{"loc":{"start":{"line":81,"column":23},"end":{"line":81,"column":null}},"type":"cond-expr","locations":[{"start":{"line":81,"column":48},"end":{"line":81,"column":58}},{"start":{"line":81,"column":58},"end":{"line":81,"column":null}}],"line":81},"12":{"loc":{"start":{"line":83,"column":8},"end":{"line":83,"column":null}},"type":"if","locations":[{"start":{"line":83,"column":8},"end":{"line":83,"column":null}},{"start":{},"end":{}}],"line":83},"13":{"loc":{"start":{"line":85,"column":8},"end":{"line":85,"column":null}},"type":"if","locations":[{"start":{"line":85,"column":8},"end":{"line":85,"column":null}},{"start":{},"end":{}}],"line":85},"14":{"loc":{"start":{"line":94,"column":4},"end":{"line":94,"column":null}},"type":"if","locations":[{"start":{"line":94,"column":4},"end":{"line":94,"column":null}},{"start":{},"end":{}}],"line":94},"15":{"loc":{"start":{"line":96,"column":4},"end":{"line":96,"column":null}},"type":"if","locations":[{"start":{"line":96,"column":4},"end":{"line":96,"column":null}},{"start":{},"end":{}}],"line":96},"16":{"loc":{"start":{"line":100,"column":2},"end":{"line":105,"column":null}},"type":"if","locations":[{"start":{"line":100,"column":2},"end":{"line":105,"column":null}},{"start":{},"end":{}}],"line":100},"17":{"loc":{"start":{"line":102,"column":4},"end":{"line":104,"column":null}},"type":"if","locations":[{"start":{"line":102,"column":4},"end":{"line":104,"column":null}},{"start":{},"end":{}}],"line":102}},"s":{"0":12,"1":12,"2":2,"3":2,"4":1,"5":1,"6":11,"7":1,"8":1,"9":0,"10":1,"11":11,"12":1,"13":1,"14":0,"15":1,"16":11,"17":2,"18":2,"19":1,"20":1,"21":10,"22":1,"23":1,"24":0,"25":1,"26":10,"27":1,"28":1,"29":1,"30":3,"31":1,"32":2,"33":2,"34":0,"35":2,"36":1,"37":0,"38":0,"39":0,"40":0,"41":1,"42":1,"43":1,"44":1,"45":0,"46":1,"47":1,"48":0,"49":1,"50":1,"51":10,"52":2,"53":0,"54":2,"55":2,"56":1,"57":9,"58":2,"59":2,"60":1,"61":9,"62":3},"f":{"0":12,"1":3},"b":{"0":[2,10],"1":[1,1],"2":[0,1],"3":[0,1],"4":[1,1],"5":[0,1],"6":[1,0],"7":[1,2],"8":[3,2],"9":[0,2],"10":[0,0],"11":[0,1],"12":[0,1],"13":[0,1],"14":[0,2],"15":[1,1],"16":[2,7],"17":[1,1]},"meta":{"lastBranch":18,"lastFunction":2,"lastStatement":63,"seen":{"f:16:16:16:Infinity":0,"s:20:34:29:Infinity":0,"b:32:2:36:Infinity:undefined:undefined:undefined:undefined":0,"s:32:2:36:Infinity":1,"s:33:10:33:Infinity":2,"b:34:4:34:Infinity:undefined:undefined:undefined:undefined":1,"s:34:4:34:Infinity":3,"s:34:27:34:Infinity":4,"s:35:4:35:Infinity":5,"s:37:2:41:Infinity":6,"s:38:10:38:Infinity":7,"b:39:4:39:Infinity:undefined:undefined:undefined:undefined":2,"s:39:4:39:Infinity":8,"s:39:27:39:Infinity":9,"s:40:4:40:Infinity":10,"s:44:2:48:Infinity":11,"s:45:10:45:Infinity":12,"b:46:4:46:Infinity:undefined:undefined:undefined:undefined":3,"s:46:4:46:Infinity":13,"s:46:27:46:Infinity":14,"s:47:4:47:Infinity":15,"s:51:2:55:Infinity":16,"s:52:10:52:Infinity":17,"b:53:4:53:Infinity:undefined:undefined:undefined:undefined":4,"s:53:4:53:Infinity":18,"s:53:27:53:Infinity":19,"s:54:4:54:Infinity":20,"s:58:2:62:Infinity":21,"s:59:10:59:Infinity":22,"b:60:4:60:Infinity:undefined:undefined:undefined:undefined":5,"s:60:4:60:Infinity":23,"s:60:27:60:Infinity":24,"s:61:4:61:Infinity":25,"s:65:2:90:Infinity":26,"s:66:28:66:Infinity":27,"b:67:4:74:Infinity:undefined:undefined:undefined:undefined":6,"s:67:4:74:Infinity":28,"s:68:6:73:Infinity":29,"b:69:8:69:Infinity:undefined:undefined:undefined:undefined":7,"s:69:8:69:Infinity":30,"b:69:12:69:43:69:43:69:53":8,"s:69:53:69:Infinity":31,"s:70:14:70:Infinity":32,"b:71:8:71:Infinity:undefined:undefined:undefined:undefined":9,"s:71:8:71:Infinity":33,"s:71:31:71:Infinity":34,"s:72:8:72:Infinity":35,"s:75:4:79:Infinity":36,"s:76:12:76:Infinity":37,"b:77:6:77:Infinity:undefined:undefined:undefined:undefined":10,"s:77:6:77:Infinity":38,"s:77:29:77:Infinity":39,"s:78:6:78:Infinity":40,"s:80:4:88:Infinity":41,"s:81:23:81:Infinity":42,"b:81:48:81:58:81:58:81:Infinity":11,"s:82:6:87:Infinity":43,"b:83:8:83:Infinity:undefined:undefined:undefined:undefined":12,"s:83:8:83:Infinity":44,"s:83:44:83:Infinity":45,"s:84:14:84:Infinity":46,"b:85:8:85:Infinity:undefined:undefined:undefined:undefined":13,"s:85:8:85:Infinity":47,"s:85:31:85:Infinity":48,"s:86:8:86:Infinity":49,"s:89:4:89:Infinity":50,"s:93:2:97:Infinity":51,"b:94:4:94:Infinity:undefined:undefined:undefined:undefined":14,"s:94:4:94:Infinity":52,"s:94:18:94:Infinity":53,"s:95:10:95:Infinity":54,"b:96:4:96:Infinity:undefined:undefined:undefined:undefined":15,"s:96:4:96:Infinity":55,"s:96:27:96:Infinity":56,"b:100:2:105:Infinity:undefined:undefined:undefined:undefined":16,"s:100:2:105:Infinity":57,"s:101:10:101:Infinity":58,"b:102:4:104:Infinity:undefined:undefined:undefined:undefined":17,"s:102:4:104:Infinity":59,"s:103:6:103:Infinity":60,"s:107:2:107:Infinity":61,"f:110:9:110:22":1,"s:111:2:111:Infinity":62}}}
,"C:\\Users\\Administrator\\Documents\\GitHub\\game\\apps\\api\\src\\data\\taskPackageRepository.ts": {"path":"C:\\Users\\Administrator\\Documents\\GitHub\\game\\apps\\api\\src\\data\\taskPackageRepository.ts","statementMap":{"0":{"start":{"line":18,"column":6},"end":{"line":18,"column":null}},"1":{"start":{"line":25,"column":67},"end":{"line":25,"column":null}},"2":{"start":{"line":28,"column":21},"end":{"line":28,"column":null}},"3":{"start":{"line":29,"column":21},"end":{"line":29,"column":61}},"4":{"start":{"line":31,"column":4},"end":{"line":31,"column":null}},"5":{"start":{"line":32,"column":4},"end":{"line":32,"column":null}},"6":{"start":{"line":33,"column":4},"end":{"line":33,"column":null}},"7":{"start":{"line":37,"column":4},"end":{"line":84,"column":null}},"8":{"start":{"line":38,"column":12},"end":{"line":38,"column":null}},"9":{"start":{"line":39,"column":12},"end":{"line":39,"column":null}},"10":{"start":{"line":40,"column":18},"end":{"line":40,"column":null}},"11":{"start":{"line":42,"column":6},"end":{"line":42,"column":null}},"12":{"start":{"line":44,"column":12},"end":{"line":44,"column":null}},"13":{"start":{"line":45,"column":6},"end":{"line":52,"column":null}},"14":{"start":{"line":46,"column":8},"end":{"line":51,"column":null}},"15":{"start":{"line":47,"column":30},"end":{"line":47,"column":null}},"16":{"start":{"line":48,"column":10},"end":{"line":50,"column":null}},"17":{"start":{"line":49,"column":12},"end":{"line":49,"column":null}},"18":{"start":{"line":54,"column":12},"end":{"line":54,"column":null}},"19":{"start":{"line":55,"column":6},"end":{"line":62,"column":null}},"20":{"start":{"line":56,"column":8},"end":{"line":61,"column":null}},"21":{"start":{"line":57,"column":27},"end":{"line":57,"column":null}},"22":{"start":{"line":58,"column":10},"end":{"line":60,"column":null}},"23":{"start":{"line":59,"column":12},"end":{"line":59,"column":null}},"24":{"start":{"line":65,"column":12},"end":{"line":65,"column":null}},"25":{"start":{"line":66,"column":6},"end":{"line":73,"column":null}},"26":{"start":{"line":67,"column":8},"end":{"line":72,"column":null}},"27":{"start":{"line":68,"column":24},"end":{"line":68,"column":null}},"28":{"start":{"line":69,"column":10},"end":{"line":71,"column":null}},"29":{"start":{"line":70,"column":12},"end":{"line":70,"column":null}},"30":{"start":{"line":75,"column":6},"end":{"line":77,"column":null}},"31":{"start":{"line":76,"column":8},"end":{"line":76,"column":null}},"32":{"start":{"line":79,"column":23},"end":{"line":79,"column":null}},"33":{"start":{"line":80,"column":6},"end":{"line":82,"column":null}},"34":{"start":{"line":81,"column":8},"end":{"line":81,"column":null}},"35":{"start":{"line":83,"column":6},"end":{"line":83,"column":null}},"36":{"start":{"line":90,"column":23},"end":{"line":90,"column":null}},"37":{"start":{"line":91,"column":4},"end":{"line":93,"column":null}},"38":{"start":{"line":92,"column":6},"end":{"line":92,"column":null}},"39":{"start":{"line":92,"column":21},"end":{"line":92,"column":null}},"40":{"start":{"line":95,"column":19},"end":{"line":95,"column":null}},"41":{"start":{"line":98,"column":4},"end":{"line":103,"column":null}},"42":{"start":{"line":99,"column":6},"end":{"line":102,"column":null}},"43":{"start":{"line":100,"column":20},"end":{"line":100,"column":null}},"44":{"start":{"line":101,"column":8},"end":{"line":101,"column":null}},"45":{"start":{"line":101,"column":18},"end":{"line":101,"column":null}},"46":{"start":{"line":105,"column":4},"end":{"line":105,"column":null}},"47":{"start":{"line":108,"column":22},"end":{"line":108,"column":null}},"48":{"start":{"line":109,"column":4},"end":{"line":109,"column":null}},"49":{"start":{"line":111,"column":10},"end":{"line":111,"column":null}},"50":{"start":{"line":112,"column":4},"end":{"line":112,"column":null}},"51":{"start":{"line":112,"column":33},"end":{"line":112,"column":null}},"52":{"start":{"line":113,"column":4},"end":{"line":113,"column":null}},"53":{"start":{"line":114,"column":4},"end":{"line":114,"column":null}},"54":{"start":{"line":116,"column":4},"end":{"line":116,"column":null}},"55":{"start":{"line":117,"column":4},"end":{"line":117,"column":null}},"56":{"start":{"line":118,"column":4},"end":{"line":118,"column":null}},"57":{"start":{"line":122,"column":16},"end":{"line":122,"column":null}},"58":{"start":{"line":123,"column":4},"end":{"line":123,"column":null}},"59":{"start":{"line":123,"column":25},"end":{"line":123,"column":null}},"60":{"start":{"line":124,"column":4},"end":{"line":124,"column":null}},"61":{"start":{"line":128,"column":4},"end":{"line":128,"column":null}},"62":{"start":{"line":132,"column":4},"end":{"line":132,"column":null}},"63":{"start":{"line":136,"column":4},"end":{"line":136,"column":null}},"64":{"start":{"line":140,"column":4},"end":{"line":140,"column":null}},"65":{"start":{"line":144,"column":16},"end":{"line":144,"column":null}},"66":{"start":{"line":145,"column":4},"end":{"line":145,"column":null}},"67":{"start":{"line":145,"column":26},"end":{"line":145,"column":null}},"68":{"start":{"line":146,"column":4},"end":{"line":152,"column":null}},"69":{"start":{"line":148,"column":14},"end":{"line":148,"column":null}},"70":{"start":{"line":149,"column":8},"end":{"line":149,"column":null}},"71":{"start":{"line":149,"column":65},"end":{"line":149,"column":null}},"72":{"start":{"line":150,"column":8},"end":{"line":150,"column":null}},"73":{"start":{"line":152,"column":22},"end":{"line":152,"column":97}},"74":{"start":{"line":156,"column":4},"end":{"line":164,"column":null}},"75":{"start":{"line":157,"column":23},"end":{"line":157,"column":null}},"76":{"start":{"line":158,"column":6},"end":{"line":161,"column":null}},"77":{"start":{"line":159,"column":8},"end":{"line":159,"column":null}},"78":{"start":{"line":160,"column":8},"end":{"line":160,"column":null}},"79":{"start":{"line":162,"column":18},"end":{"line":162,"column":null}},"80":{"start":{"line":163,"column":6},"end":{"line":163,"column":null}},"81":{"start":{"line":165,"column":4},"end":{"line":165,"column":null}},"82":{"start":{"line":169,"column":10},"end":{"line":169,"column":null}},"83":{"start":{"line":170,"column":4},"end":{"line":170,"column":null}},"84":{"start":{"line":170,"column":25},"end":{"line":170,"column":null}},"85":{"start":{"line":171,"column":4},"end":{"line":178,"column":null}},"86":{"start":{"line":172,"column":18},"end":{"line":172,"column":null}},"87":{"start":{"line":173,"column":6},"end":{"line":173,"column":null}},"88":{"start":{"line":173,"column":37},"end":{"line":173,"column":null}},"89":{"start":{"line":174,"column":6},"end":{"line":174,"column":null}},"90":{"start":{"line":176,"column":6},"end":{"line":176,"column":null}},"91":{"start":{"line":177,"column":6},"end":{"line":177,"column":null}},"92":{"start":{"line":182,"column":10},"end":{"line":183,"column":null}},"93":{"start":{"line":183,"column":21},"end":{"line":183,"column":65}},"94":{"start":{"line":184,"column":4},"end":{"line":186,"column":null}},"95":{"start":{"line":185,"column":6},"end":{"line":185,"column":null}},"96":{"start":{"line":190,"column":4},"end":{"line":193,"column":null}},"97":{"start":{"line":191,"column":25},"end":{"line":191,"column":77}},"98":{"start":{"line":192,"column":12},"end":{"line":192,"column":65}},"99":{"start":{"line":193,"column":15},"end":{"line":193,"column":67}},"100":{"start":{"line":197,"column":22},"end":{"line":197,"column":null}},"101":{"start":{"line":198,"column":4},"end":{"line":198,"column":null}},"102":{"start":{"line":198,"column":46},"end":{"line":198,"column":null}},"103":{"start":{"line":199,"column":10},"end":{"line":199,"column":null}},"104":{"start":{"line":199,"column":64},"end":{"line":199,"column":100}},"105":{"start":{"line":200,"column":4},"end":{"line":207,"column":null}},"106":{"start":{"line":201,"column":12},"end":{"line":201,"column":null}},"107":{"start":{"line":202,"column":18},"end":{"line":202,"column":null}},"108":{"start":{"line":203,"column":6},"end":{"line":203,"column":null}},"109":{"start":{"line":204,"column":6},"end":{"line":204,"column":null}},"110":{"start":{"line":204,"column":45},"end":{"line":204,"column":null}},"111":{"start":{"line":205,"column":6},"end":{"line":205,"column":null}},"112":{"start":{"line":206,"column":6},"end":{"line":206,"column":null}},"113":{"start":{"line":211,"column":10},"end":{"line":211,"column":null}},"114":{"start":{"line":212,"column":4},"end":{"line":212,"column":null}},"115":{"start":{"line":212,"column":31},"end":{"line":212,"column":null}},"116":{"start":{"line":213,"column":10},"end":{"line":213,"column":null}},"117":{"start":{"line":213,"column":61},"end":{"line":213,"column":86}},"118":{"start":{"line":214,"column":4},"end":{"line":214,"column":null}},"119":{"start":{"line":214,"column":22},"end":{"line":214,"column":null}},"120":{"start":{"line":215,"column":4},"end":{"line":215,"column":null}},"121":{"start":{"line":222,"column":19},"end":{"line":222,"column":null}},"122":{"start":{"line":223,"column":19},"end":{"line":223,"column":null}},"123":{"start":{"line":225,"column":4},"end":{"line":233,"column":null}},"124":{"start":{"line":226,"column":6},"end":{"line":232,"column":null}},"125":{"start":{"line":235,"column":4},"end":{"line":239,"column":null}},"126":{"start":{"line":243,"column":23},"end":{"line":243,"column":null}},"127":{"start":{"line":244,"column":4},"end":{"line":244,"column":null}},"128":{"start":{"line":245,"column":4},"end":{"line":245,"column":null}},"129":{"start":{"line":246,"column":4},"end":{"line":246,"column":null}},"130":{"start":{"line":248,"column":10},"end":{"line":248,"column":null}},"131":{"start":{"line":249,"column":4},"end":{"line":249,"column":null}},"132":{"start":{"line":251,"column":10},"end":{"line":251,"column":null}},"133":{"start":{"line":252,"column":4},"end":{"line":252,"column":null}},"134":{"start":{"line":253,"column":4},"end":{"line":253,"column":null}},"135":{"start":{"line":255,"column":10},"end":{"line":255,"column":null}},"136":{"start":{"line":256,"column":4},"end":{"line":256,"column":null}},"137":{"start":{"line":258,"column":4},"end":{"line":260,"column":null}},"138":{"start":{"line":259,"column":6},"end":{"line":259,"column":null}},"139":{"start":{"line":261,"column":4},"end":{"line":263,"column":null}},"140":{"start":{"line":262,"column":6},"end":{"line":262,"column":null}},"141":{"start":{"line":268,"column":8},"end":{"line":268,"column":null}},"142":{"start":{"line":268,"column":55},"end":{"line":268,"column":84}},"143":{"start":{"line":269,"column":2},"end":{"line":269,"column":null}},"144":{"start":{"line":269,"column":28},"end":{"line":269,"column":null}},"145":{"start":{"line":273,"column":8},"end":{"line":273,"column":null}},"146":{"start":{"line":274,"column":2},"end":{"line":274,"column":null}},"147":{"start":{"line":274,"column":64},"end":{"line":274,"column":null}},"148":{"start":{"line":275,"column":2},"end":{"line":275,"column":null}},"149":{"start":{"line":279,"column":2},"end":{"line":285,"column":null}},"150":{"start":{"line":280,"column":4},"end":{"line":280,"column":null}},"151":{"start":{"line":281,"column":4},"end":{"line":281,"column":null}},"152":{"start":{"line":283,"column":4},"end":{"line":283,"column":null}},"153":{"start":{"line":284,"column":4},"end":{"line":284,"column":null}},"154":{"start":{"line":289,"column":2},"end":{"line":293,"column":null}},"155":{"start":{"line":290,"column":10},"end":{"line":290,"column":null}},"156":{"start":{"line":291,"column":4},"end":{"line":291,"column":null}},"157":{"start":{"line":291,"column":29},"end":{"line":291,"column":null}},"158":{"start":{"line":292,"column":4},"end":{"line":292,"column":null}}},"fnMap":{"0":{"name":"(anonymous_0)","decl":{"start":{"line":27,"column":2},"end":{"line":27,"column":null}},"loc":{"start":{"line":30,"column":4},"end":{"line":34,"column":null}},"line":30},"1":{"name":"(anonymous_1)","decl":{"start":{"line":36,"column":2},"end":{"line":36,"column":25}},"loc":{"start":{"line":36,"column":25},"end":{"line":85,"column":null}},"line":36},"2":{"name":"(anonymous_2)","decl":{"start":{"line":37,"column":34},"end":{"line":37,"column":35}},"loc":{"start":{"line":37,"column":43},"end":{"line":84,"column":5}},"line":37},"3":{"name":"(anonymous_3)","decl":{"start":{"line":88,"column":2},"end":{"line":88,"column":7}},"loc":{"start":{"line":88,"column":26},"end":{"line":119,"column":null}},"line":88},"4":{"name":"(anonymous_4)","decl":{"start":{"line":121,"column":2},"end":{"line":121,"column":9}},"loc":{"start":{"line":121,"column":21},"end":{"line":125,"column":null}},"line":121},"5":{"name":"(anonymous_5)","decl":{"start":{"line":127,"column":2},"end":{"line":127,"column":11}},"loc":{"start":{"line":127,"column":23},"end":{"line":129,"column":null}},"line":127},"6":{"name":"(anonymous_6)","decl":{"start":{"line":131,"column":2},"end":{"line":131,"column":15}},"loc":{"start":{"line":131,"column":27},"end":{"line":133,"column":null}},"line":131},"7":{"name":"(anonymous_7)","decl":{"start":{"line":135,"column":2},"end":{"line":135,"column":11}},"loc":{"start":{"line":135,"column":23},"end":{"line":137,"column":null}},"line":135},"8":{"name":"(anonymous_8)","decl":{"start":{"line":139,"column":2},"end":{"line":139,"column":13}},"loc":{"start":{"line":139,"column":25},"end":{"line":141,"column":null}},"line":139},"9":{"name":"(anonymous_9)","decl":{"start":{"line":143,"column":2},"end":{"line":143,"column":15}},"loc":{"start":{"line":143,"column":27},"end":{"line":153,"column":null}},"line":143},"10":{"name":"(anonymous_10)","decl":{"start":{"line":147,"column":14},"end":{"line":147,"column":15}},"loc":{"start":{"line":147,"column":24},"end":{"line":151,"column":7}},"line":147},"11":{"name":"(anonymous_11)","decl":{"start":{"line":152,"column":11},"end":{"line":152,"column":12}},"loc":{"start":{"line":152,"column":22},"end":{"line":152,"column":97}},"line":152},"12":{"name":"(anonymous_12)","decl":{"start":{"line":155,"column":2},"end":{"line":155,"column":17}},"loc":{"start":{"line":155,"column":61},"end":{"line":166,"column":null}},"line":155},"13":{"name":"(anonymous_13)","decl":{"start":{"line":168,"column":2},"end":{"line":168,"column":24}},"loc":{"start":{"line":168,"column":71},"end":{"line":179,"column":null}},"line":168},"14":{"name":"(anonymous_14)","decl":{"start":{"line":181,"column":10},"end":{"line":181,"column":31}},"loc":{"start":{"line":181,"column":31},"end":{"line":187,"column":null}},"line":181},"15":{"name":"(anonymous_15)","decl":{"start":{"line":183,"column":14},"end":{"line":183,"column":15}},"loc":{"start":{"line":183,"column":21},"end":{"line":183,"column":65}},"line":183},"16":{"name":"(anonymous_16)","decl":{"start":{"line":189,"column":10},"end":{"line":189,"column":24}},"loc":{"start":{"line":189,"column":24},"end":{"line":194,"column":null}},"line":189},"17":{"name":"(anonymous_17)","decl":{"start":{"line":191,"column":14},"end":{"line":191,"column":15}},"loc":{"start":{"line":191,"column":25},"end":{"line":191,"column":77}},"line":191},"18":{"name":"(anonymous_18)","decl":{"start":{"line":192,"column":11},"end":{"line":192,"column":12}},"loc":{"start":{"line":192,"column":12},"end":{"line":192,"column":65}},"line":192},"19":{"name":"(anonymous_19)","decl":{"start":{"line":193,"column":14},"end":{"line":193,"column":15}},"loc":{"start":{"line":193,"column":15},"end":{"line":193,"column":67}},"line":193},"20":{"name":"(anonymous_20)","decl":{"start":{"line":196,"column":10},"end":{"line":196,"column":34}},"loc":{"start":{"line":196,"column":34},"end":{"line":208,"column":null}},"line":196},"21":{"name":"(anonymous_21)","decl":{"start":{"line":199,"column":54},"end":{"line":199,"column":55}},"loc":{"start":{"line":199,"column":64},"end":{"line":199,"column":100}},"line":199},"22":{"name":"(anonymous_22)","decl":{"start":{"line":210,"column":10},"end":{"line":210,"column":26}},"loc":{"start":{"line":210,"column":57},"end":{"line":216,"column":null}},"line":210},"23":{"name":"(anonymous_23)","decl":{"start":{"line":213,"column":51},"end":{"line":213,"column":52}},"loc":{"start":{"line":213,"column":61},"end":{"line":213,"column":86}},"line":213},"24":{"name":"(anonymous_24)","decl":{"start":{"line":218,"column":10},"end":{"line":218,"column":21}},"loc":{"start":{"line":218,"column":61},"end":{"line":240,"column":null}},"line":218},"25":{"name":"(anonymous_25)","decl":{"start":{"line":242,"column":10},"end":{"line":242,"column":26}},"loc":{"start":{"line":242,"column":45},"end":{"line":264,"column":null}},"line":242},"26":{"name":"removeThumbnailFiles","decl":{"start":{"line":267,"column":16},"end":{"line":267,"column":37}},"loc":{"start":{"line":267,"column":55},"end":{"line":270,"column":null}},"line":267},"27":{"name":"(anonymous_27)","decl":{"start":{"line":268,"column":45},"end":{"line":268,"column":46}},"loc":{"start":{"line":268,"column":55},"end":{"line":268,"column":84}},"line":268},"28":{"name":"normalizeMediaExtension","decl":{"start":{"line":272,"column":16},"end":{"line":272,"column":40}},"loc":{"start":{"line":272,"column":58},"end":{"line":276,"column":null}},"line":272},"29":{"name":"safeDirectoryName","decl":{"start":{"line":278,"column":9},"end":{"line":278,"column":27}},"loc":{"start":{"line":278,"column":41},"end":{"line":286,"column":null}},"line":278},"30":{"name":"walkFiles","decl":{"start":{"line":288,"column":9},"end":{"line":288,"column":19}},"loc":{"start":{"line":288,"column":42},"end":{"line":294,"column":null}},"line":288},"31":{"name":"(anonymous_31)","decl":{"start":{"line":289,"column":59},"end":{"line":289,"column":60}},"loc":{"start":{"line":289,"column":70},"end":{"line":293,"column":3}},"line":289}},"branchMap":{"0":{"loc":{"start":{"line":29,"column":21},"end":{"line":29,"column":null}},"type":"default-arg","locations":[{"start":{"line":29,"column":61},"end":{"line":29,"column":null}}],"line":29},"1":{"loc":{"start":{"line":45,"column":6},"end":{"line":52,"column":null}},"type":"if","locations":[{"start":{"line":45,"column":6},"end":{"line":52,"column":null}},{"start":{},"end":{}}],"line":45},"2":{"loc":{"start":{"line":48,"column":10},"end":{"line":50,"column":null}},"type":"if","locations":[{"start":{"line":48,"column":10},"end":{"line":50,"column":null}},{"start":{},"end":{}}],"line":48},"3":{"loc":{"start":{"line":48,"column":14},"end":{"line":48,"column":52}},"type":"binary-expr","locations":[{"start":{"line":48,"column":14},"end":{"line":48,"column":32}},{"start":{"line":48,"column":32},"end":{"line":48,"column":52}}],"line":48},"4":{"loc":{"start":{"line":55,"column":6},"end":{"line":62,"column":null}},"type":"if","locations":[{"start":{"line":55,"column":6},"end":{"line":62,"column":null}},{"start":{},"end":{}}],"line":55},"5":{"loc":{"start":{"line":58,"column":10},"end":{"line":60,"column":null}},"type":"if","locations":[{"start":{"line":58,"column":10},"end":{"line":60,"column":null}},{"start":{},"end":{}}],"line":58},"6":{"loc":{"start":{"line":58,"column":14},"end":{"line":58,"column":62}},"type":"binary-expr","locations":[{"start":{"line":58,"column":14},"end":{"line":58,"column":41}},{"start":{"line":58,"column":41},"end":{"line":58,"column":62}}],"line":58},"7":{"loc":{"start":{"line":66,"column":6},"end":{"line":73,"column":null}},"type":"if","locations":[{"start":{"line":66,"column":6},"end":{"line":73,"column":null}},{"start":{},"end":{}}],"line":66},"8":{"loc":{"start":{"line":69,"column":10},"end":{"line":71,"column":null}},"type":"if","locations":[{"start":{"line":69,"column":10},"end":{"line":71,"column":null}},{"start":{},"end":{}}],"line":69},"9":{"loc":{"start":{"line":69,"column":14},"end":{"line":69,"column":54}},"type":"binary-expr","locations":[{"start":{"line":69,"column":14},"end":{"line":69,"column":23}},{"start":{"line":69,"column":23},"end":{"line":69,"column":54}}],"line":69},"10":{"loc":{"start":{"line":75,"column":6},"end":{"line":77,"column":null}},"type":"if","locations":[{"start":{"line":75,"column":6},"end":{"line":77,"column":null}},{"start":{},"end":{}}],"line":75},"11":{"loc":{"start":{"line":75,"column":10},"end":{"line":75,"column":74}},"type":"binary-expr","locations":[{"start":{"line":75,"column":10},"end":{"line":75,"column":27}},{"start":{"line":75,"column":27},"end":{"line":75,"column":74}}],"line":75},"12":{"loc":{"start":{"line":80,"column":6},"end":{"line":82,"column":null}},"type":"if","locations":[{"start":{"line":80,"column":6},"end":{"line":82,"column":null}},{"start":{},"end":{}}],"line":80},"13":{"loc":{"start":{"line":91,"column":21},"end":{"line":91,"column":51}},"type":"binary-expr","locations":[{"start":{"line":91,"column":21},"end":{"line":91,"column":47}},{"start":{"line":91,"column":47},"end":{"line":91,"column":51}}],"line":91},"14":{"loc":{"start":{"line":92,"column":6},"end":{"line":92,"column":null}},"type":"if","locations":[{"start":{"line":92,"column":6},"end":{"line":92,"column":null}},{"start":{},"end":{}}],"line":92},"15":{"loc":{"start":{"line":98,"column":4},"end":{"line":103,"column":null}},"type":"if","locations":[{"start":{"line":98,"column":4},"end":{"line":103,"column":null}},{"start":{},"end":{}}],"line":98},"16":{"loc":{"start":{"line":101,"column":8},"end":{"line":101,"column":null}},"type":"if","locations":[{"start":{"line":101,"column":8},"end":{"line":101,"column":null}},{"start":{},"end":{}}],"line":101},"17":{"loc":{"start":{"line":112,"column":4},"end":{"line":112,"column":null}},"type":"if","locations":[{"start":{"line":112,"column":4},"end":{"line":112,"column":null}},{"start":{},"end":{}}],"line":112},"18":{"loc":{"start":{"line":123,"column":4},"end":{"line":123,"column":null}},"type":"if","locations":[{"start":{"line":123,"column":4},"end":{"line":123,"column":null}},{"start":{},"end":{}}],"line":123},"19":{"loc":{"start":{"line":145,"column":4},"end":{"line":145,"column":null}},"type":"if","locations":[{"start":{"line":145,"column":4},"end":{"line":145,"column":null}},{"start":{},"end":{}}],"line":145},"20":{"loc":{"start":{"line":149,"column":8},"end":{"line":149,"column":null}},"type":"if","locations":[{"start":{"line":149,"column":8},"end":{"line":149,"column":null}},{"start":{},"end":{}}],"line":149},"21":{"loc":{"start":{"line":149,"column":12},"end":{"line":149,"column":65}},"type":"binary-expr","locations":[{"start":{"line":149,"column":12},"end":{"line":149,"column":40}},{"start":{"line":149,"column":40},"end":{"line":149,"column":65}}],"line":149},"22":{"loc":{"start":{"line":156,"column":4},"end":{"line":164,"column":null}},"type":"if","locations":[{"start":{"line":156,"column":4},"end":{"line":164,"column":null}},{"start":{},"end":{}}],"line":156},"23":{"loc":{"start":{"line":158,"column":6},"end":{"line":161,"column":null}},"type":"if","locations":[{"start":{"line":158,"column":6},"end":{"line":161,"column":null}},{"start":{},"end":{}}],"line":158},"24":{"loc":{"start":{"line":170,"column":4},"end":{"line":170,"column":null}},"type":"if","locations":[{"start":{"line":170,"column":4},"end":{"line":170,"column":null}},{"start":{},"end":{}}],"line":170},"25":{"loc":{"start":{"line":173,"column":6},"end":{"line":173,"column":null}},"type":"if","locations":[{"start":{"line":173,"column":6},"end":{"line":173,"column":null}},{"start":{},"end":{}}],"line":173},"26":{"loc":{"start":{"line":183,"column":21},"end":{"line":183,"column":65}},"type":"binary-expr","locations":[{"start":{"line":183,"column":21},"end":{"line":183,"column":40}},{"start":{"line":183,"column":40},"end":{"line":183,"column":65}}],"line":183},"27":{"loc":{"start":{"line":191,"column":25},"end":{"line":191,"column":77}},"type":"binary-expr","locations":[{"start":{"line":191,"column":25},"end":{"line":191,"column":48}},{"start":{"line":191,"column":48},"end":{"line":191,"column":77}}],"line":191},"28":{"loc":{"start":{"line":198,"column":4},"end":{"line":198,"column":null}},"type":"if","locations":[{"start":{"line":198,"column":4},"end":{"line":198,"column":null}},{"start":{},"end":{}}],"line":198},"29":{"loc":{"start":{"line":198,"column":8},"end":{"line":198,"column":46}},"type":"binary-expr","locations":[{"start":{"line":198,"column":8},"end":{"line":198,"column":22}},{"start":{"line":198,"column":22},"end":{"line":198,"column":46}}],"line":198},"30":{"loc":{"start":{"line":204,"column":6},"end":{"line":204,"column":null}},"type":"if","locations":[{"start":{"line":204,"column":6},"end":{"line":204,"column":null}},{"start":{},"end":{}}],"line":204},"31":{"loc":{"start":{"line":212,"column":4},"end":{"line":212,"column":null}},"type":"if","locations":[{"start":{"line":212,"column":4},"end":{"line":212,"column":null}},{"start":{},"end":{}}],"line":212},"32":{"loc":{"start":{"line":214,"column":4},"end":{"line":214,"column":null}},"type":"if","locations":[{"start":{"line":214,"column":4},"end":{"line":214,"column":null}},{"start":{},"end":{}}],"line":214},"33":{"loc":{"start":{"line":223,"column":19},"end":{"line":223,"column":null}},"type":"binary-expr","locations":[{"start":{"line":223,"column":19},"end":{"line":223,"column":29}},{"start":{"line":223,"column":29},"end":{"line":223,"column":null}}],"line":223},"34":{"loc":{"start":{"line":225,"column":4},"end":{"line":233,"column":null}},"type":"if","locations":[{"start":{"line":225,"column":4},"end":{"line":233,"column":null}},{"start":{},"end":{}}],"line":225},"35":{"loc":{"start":{"line":252,"column":65},"end":{"line":252,"column":95}},"type":"binary-expr","locations":[{"start":{"line":252,"column":65},"end":{"line":252,"column":91}},{"start":{"line":252,"column":91},"end":{"line":252,"column":95}}],"line":252},"36":{"loc":{"start":{"line":256,"column":70},"end":{"line":256,"column":90}},"type":"binary-expr","locations":[{"start":{"line":256,"column":70},"end":{"line":256,"column":86}},{"start":{"line":256,"column":86},"end":{"line":256,"column":90}}],"line":256},"37":{"loc":{"start":{"line":258,"column":4},"end":{"line":260,"column":null}},"type":"if","locations":[{"start":{"line":258,"column":4},"end":{"line":260,"column":null}},{"start":{},"end":{}}],"line":258},"38":{"loc":{"start":{"line":261,"column":4},"end":{"line":263,"column":null}},"type":"if","locations":[{"start":{"line":261,"column":4},"end":{"line":263,"column":null}},{"start":{},"end":{}}],"line":261},"39":{"loc":{"start":{"line":274,"column":2},"end":{"line":274,"column":null}},"type":"if","locations":[{"start":{"line":274,"column":2},"end":{"line":274,"column":null}},{"start":{},"end":{}}],"line":274},"40":{"loc":{"start":{"line":291,"column":4},"end":{"line":291,"column":null}},"type":"if","locations":[{"start":{"line":291,"column":4},"end":{"line":291,"column":null}},{"start":{},"end":{}}],"line":291}},"s":{"0":1,"1":2,"2":2,"3":2,"4":2,"5":2,"6":2,"7":0,"8":0,"9":0,"10":0,"11":0,"12":0,"13":0,"14":0,"15":0,"16":0,"17":0,"18":0,"19":0,"20":0,"21":0,"22":0,"23":0,"24":0,"25":0,"26":0,"27":0,"28":0,"29":0,"30":0,"31":0,"32":0,"33":0,"34":0,"35":0,"36":2,"37":2,"38":0,"39":0,"40":2,"41":2,"42":0,"43":0,"44":0,"45":0,"46":1,"47":1,"48":1,"49":1,"50":1,"51":0,"52":1,"53":1,"54":1,"55":1,"56":1,"57":0,"58":0,"59":0,"60":0,"61":1,"62":1,"63":0,"64":9,"65":0,"66":0,"67":0,"68":0,"69":0,"70":0,"71":0,"72":0,"73":0,"74":1,"75":1,"76":1,"77":0,"78":0,"79":1,"80":1,"81":1,"82":2,"83":2,"84":1,"85":1,"86":1,"87":1,"88":0,"89":1,"90":0,"91":0,"92":2,"93":0,"94":2,"95":0,"96":0,"97":0,"98":0,"99":0,"100":2,"101":2,"102":2,"103":0,"104":0,"105":0,"106":0,"107":0,"108":0,"109":0,"110":0,"111":0,"112":0,"113":0,"114":0,"115":0,"116":0,"117":0,"118":0,"119":0,"120":0,"121":1,"122":1,"123":1,"124":1,"125":0,"126":1,"127":1,"128":1,"129":1,"130":1,"131":1,"132":1,"133":1,"134":1,"135":1,"136":1,"137":1,"138":0,"139":1,"140":0,"141":0,"142":0,"143":0,"144":0,"145":0,"146":0,"147":0,"148":0,"149":0,"150":0,"151":0,"152":0,"153":0,"154":0,"155":0,"156":0,"157":0,"158":0},"f":{"0":2,"1":0,"2":0,"3":2,"4":0,"5":1,"6":1,"7":0,"8":9,"9":0,"10":0,"11":0,"12":1,"13":2,"14":2,"15":0,"16":0,"17":0,"18":0,"19":0,"20":2,"21":0,"22":0,"23":0,"24":1,"25":1,"26":0,"27":0,"28":0,"29":0,"30":0,"31":0},"b":{"0":[2],"1":[0,0],"2":[0,0],"3":[0,0],"4":[0,0],"5":[0,0],"6":[0,0],"7":[0,0],"8":[0,0],"9":[0,0],"10":[0,0],"11":[0,0],"12":[0,0],"13":[2,0],"14":[0,0],"15":[0,2],"16":[0,0],"17":[0,1],"18":[0,0],"19":[0,0],"20":[0,0],"21":[0,0],"22":[1,0],"23":[0,1],"24":[1,1],"25":[0,1],"26":[0,0],"27":[0,0],"28":[2,0],"29":[2,0],"30":[0,0],"31":[0,0],"32":[0,0],"33":[1,1],"34":[1,0],"35":[1,0],"36":[1,1],"37":[0,1],"38":[0,1],"39":[0,0],"40":[0,0]},"meta":{"lastBranch":41,"lastFunction":32,"lastStatement":159,"seen":{"s:18:6:18:Infinity":0,"s:25:67:25:Infinity":1,"f:27:2:27:Infinity":0,"b:29:61:29:Infinity":0,"s:28:21:28:Infinity":2,"s:29:21:29:61":3,"s:31:4:31:Infinity":4,"s:32:4:32:Infinity":5,"s:33:4:33:Infinity":6,"f:36:2:36:25":1,"s:37:4:84:Infinity":7,"f:37:34:37:35":2,"s:38:12:38:Infinity":8,"s:39:12:39:Infinity":9,"s:40:18:40:Infinity":10,"s:42:6:42:Infinity":11,"s:44:12:44:Infinity":12,"b:45:6:52:Infinity:undefined:undefined:undefined:undefined":1,"s:45:6:52:Infinity":13,"s:46:8:51:Infinity":14,"s:47:30:47:Infinity":15,"b:48:10:50:Infinity:undefined:undefined:undefined:undefined":2,"s:48:10:50:Infinity":16,"b:48:14:48:32:48:32:48:52":3,"s:49:12:49:Infinity":17,"s:54:12:54:Infinity":18,"b:55:6:62:Infinity:undefined:undefined:undefined:undefined":4,"s:55:6:62:Infinity":19,"s:56:8:61:Infinity":20,"s:57:27:57:Infinity":21,"b:58:10:60:Infinity:undefined:undefined:undefined:undefined":5,"s:58:10:60:Infinity":22,"b:58:14:58:41:58:41:58:62":6,"s:59:12:59:Infinity":23,"s:65:12:65:Infinity":24,"b:66:6:73:Infinity:undefined:undefined:undefined:undefined":7,"s:66:6:73:Infinity":25,"s:67:8:72:Infinity":26,"s:68:24:68:Infinity":27,"b:69:10:71:Infinity:undefined:undefined:undefined:undefined":8,"s:69:10:71:Infinity":28,"b:69:14:69:23:69:23:69:54":9,"s:70:12:70:Infinity":29,"b:75:6:77:Infinity:undefined:undefined:undefined:undefined":10,"s:75:6:77:Infinity":30,"b:75:10:75:27:75:27:75:74":11,"s:76:8:76:Infinity":31,"s:79:23:79:Infinity":32,"b:80:6:82:Infinity:undefined:undefined:undefined:undefined":12,"s:80:6:82:Infinity":33,"s:81:8:81:Infinity":34,"s:83:6:83:Infinity":35,"f:88:2:88:7":3,"s:90:23:90:Infinity":36,"s:91:4:93:Infinity":37,"b:91:21:91:47:91:47:91:51":13,"b:92:6:92:Infinity:undefined:undefined:undefined:undefined":14,"s:92:6:92:Infinity":38,"s:92:21:92:Infinity":39,"s:95:19:95:Infinity":40,"b:98:4:103:Infinity:undefined:undefined:undefined:undefined":15,"s:98:4:103:Infinity":41,"s:99:6:102:Infinity":42,"s:100:20:100:Infinity":43,"b:101:8:101:Infinity:undefined:undefined:undefined:undefined":16,"s:101:8:101:Infinity":44,"s:101:18:101:Infinity":45,"s:105:4:105:Infinity":46,"s:108:22:108:Infinity":47,"s:109:4:109:Infinity":48,"s:111:10:111:Infinity":49,"b:112:4:112:Infinity:undefined:undefined:undefined:undefined":17,"s:112:4:112:Infinity":50,"s:112:33:112:Infinity":51,"s:113:4:113:Infinity":52,"s:114:4:114:Infinity":53,"s:116:4:116:Infinity":54,"s:117:4:117:Infinity":55,"s:118:4:118:Infinity":56,"f:121:2:121:9":4,"s:122:16:122:Infinity":57,"b:123:4:123:Infinity:undefined:undefined:undefined:undefined":18,"s:123:4:123:Infinity":58,"s:123:25:123:Infinity":59,"s:124:4:124:Infinity":60,"f:127:2:127:11":5,"s:128:4:128:Infinity":61,"f:131:2:131:15":6,"s:132:4:132:Infinity":62,"f:135:2:135:11":7,"s:136:4:136:Infinity":63,"f:139:2:139:13":8,"s:140:4:140:Infinity":64,"f:143:2:143:15":9,"s:144:16:144:Infinity":65,"b:145:4:145:Infinity:undefined:undefined:undefined:undefined":19,"s:145:4:145:Infinity":66,"s:145:26:145:Infinity":67,"s:146:4:152:Infinity":68,"f:147:14:147:15":10,"s:148:14:148:Infinity":69,"b:149:8:149:Infinity:undefined:undefined:undefined:undefined":20,"s:149:8:149:Infinity":70,"b:149:12:149:40:149:40:149:65":21,"s:149:65:149:Infinity":71,"s:150:8:150:Infinity":72,"f:152:11:152:12":11,"s:152:22:152:97":73,"f:155:2:155:17":12,"b:156:4:164:Infinity:undefined:undefined:undefined:undefined":22,"s:156:4:164:Infinity":74,"s:157:23:157:Infinity":75,"b:158:6:161:Infinity:undefined:undefined:undefined:undefined":23,"s:158:6:161:Infinity":76,"s:159:8:159:Infinity":77,"s:160:8:160:Infinity":78,"s:162:18:162:Infinity":79,"s:163:6:163:Infinity":80,"s:165:4:165:Infinity":81,"f:168:2:168:24":13,"s:169:10:169:Infinity":82,"b:170:4:170:Infinity:undefined:undefined:undefined:undefined":24,"s:170:4:170:Infinity":83,"s:170:25:170:Infinity":84,"s:171:4:178:Infinity":85,"s:172:18:172:Infinity":86,"b:173:6:173:Infinity:undefined:undefined:undefined:undefined":25,"s:173:6:173:Infinity":87,"s:173:37:173:Infinity":88,"s:174:6:174:Infinity":89,"s:176:6:176:Infinity":90,"s:177:6:177:Infinity":91,"f:181:10:181:31":14,"s:182:10:183:Infinity":92,"f:183:14:183:15":15,"s:183:21:183:65":93,"b:183:21:183:40:183:40:183:65":26,"s:184:4:186:Infinity":94,"s:185:6:185:Infinity":95,"f:189:10:189:24":16,"s:190:4:193:Infinity":96,"f:191:14:191:15":17,"s:191:25:191:77":97,"b:191:25:191:48:191:48:191:77":27,"f:192:11:192:12":18,"s:192:12:192:65":98,"f:193:14:193:15":19,"s:193:15:193:67":99,"f:196:10:196:34":20,"s:197:22:197:Infinity":100,"b:198:4:198:Infinity:undefined:undefined:undefined:undefined":28,"s:198:4:198:Infinity":101,"b:198:8:198:22:198:22:198:46":29,"s:198:46:198:Infinity":102,"s:199:10:199:Infinity":103,"f:199:54:199:55":21,"s:199:64:199:100":104,"s:200:4:207:Infinity":105,"s:201:12:201:Infinity":106,"s:202:18:202:Infinity":107,"s:203:6:203:Infinity":108,"b:204:6:204:Infinity:undefined:undefined:undefined:undefined":30,"s:204:6:204:Infinity":109,"s:204:45:204:Infinity":110,"s:205:6:205:Infinity":111,"s:206:6:206:Infinity":112,"f:210:10:210:26":22,"s:211:10:211:Infinity":113,"b:212:4:212:Infinity:undefined:undefined:undefined:undefined":31,"s:212:4:212:Infinity":114,"s:212:31:212:Infinity":115,"s:213:10:213:Infinity":116,"f:213:51:213:52":23,"s:213:61:213:86":117,"b:214:4:214:Infinity:undefined:undefined:undefined:undefined":32,"s:214:4:214:Infinity":118,"s:214:22:214:Infinity":119,"s:215:4:215:Infinity":120,"f:218:10:218:21":24,"s:222:19:222:Infinity":121,"s:223:19:223:Infinity":122,"b:223:19:223:29:223:29:223:Infinity":33,"b:225:4:233:Infinity:undefined:undefined:undefined:undefined":34,"s:225:4:233:Infinity":123,"s:226:6:232:Infinity":124,"s:235:4:239:Infinity":125,"f:242:10:242:26":25,"s:243:23:243:Infinity":126,"s:244:4:244:Infinity":127,"s:245:4:245:Infinity":128,"s:246:4:246:Infinity":129,"s:248:10:248:Infinity":130,"s:249:4:249:Infinity":131,"s:251:10:251:Infinity":132,"s:252:4:252:Infinity":133,"b:252:65:252:91:252:91:252:95":35,"s:253:4:253:Infinity":134,"s:255:10:255:Infinity":135,"s:256:4:256:Infinity":136,"b:256:70:256:86:256:86:256:90":36,"b:258:4:260:Infinity:undefined:undefined:undefined:undefined":37,"s:258:4:260:Infinity":137,"s:259:6:259:Infinity":138,"b:261:4:263:Infinity:undefined:undefined:undefined:undefined":38,"s:261:4:263:Infinity":139,"s:262:6:262:Infinity":140,"f:267:16:267:37":26,"s:268:8:268:Infinity":141,"f:268:45:268:46":27,"s:268:55:268:84":142,"s:269:2:269:Infinity":143,"s:269:28:269:Infinity":144,"f:272:16:272:40":28,"s:273:8:273:Infinity":145,"b:274:2:274:Infinity:undefined:undefined:undefined:undefined":39,"s:274:2:274:Infinity":146,"s:274:64:274:Infinity":147,"s:275:2:275:Infinity":148,"f:278:9:278:27":29,"s:279:2:285:Infinity":149,"s:280:4:280:Infinity":150,"s:281:4:281:Infinity":151,"s:283:4:283:Infinity":152,"s:284:4:284:Infinity":153,"f:288:9:288:19":30,"s:289:2:293:Infinity":154,"f:289:59:289:60":31,"s:290:10:290:Infinity":155,"b:291:4:291:Infinity:undefined:undefined:undefined:undefined":40,"s:291:4:291:Infinity":156,"s:291:29:291:Infinity":157,"s:292:4:292:Infinity":158}}}
,"C:\\Users\\Administrator\\Documents\\GitHub\\game\\apps\\api\\src\\services\\characterService.ts": {"path":"C:\\Users\\Administrator\\Documents\\GitHub\\game\\apps\\api\\src\\services\\characterService.ts","statementMap":{"0":{"start":{"line":4,"column":31},"end":{"line":4,"column":56}},"1":{"start":{"line":7,"column":4},"end":{"line":7,"column":null}},"2":{"start":{"line":11,"column":22},"end":{"line":11,"column":null}},"3":{"start":{"line":11,"column":53},"end":{"line":11,"column":67}},"4":{"start":{"line":12,"column":4},"end":{"line":12,"column":null}},"5":{"start":{"line":12,"column":20},"end":{"line":12,"column":null}},"6":{"start":{"line":13,"column":4},"end":{"line":13,"column":null}},"7":{"start":{"line":17,"column":4},"end":{"line":17,"column":null}},"8":{"start":{"line":17,"column":24},"end":{"line":17,"column":null}},"9":{"start":{"line":18,"column":18},"end":{"line":18,"column":null}},"10":{"start":{"line":18,"column":54},"end":{"line":18,"column":68}},"11":{"start":{"line":19,"column":4},"end":{"line":19,"column":null}},"12":{"start":{"line":19,"column":19},"end":{"line":19,"column":null}},"13":{"start":{"line":20,"column":4},"end":{"line":20,"column":null}},"14":{"start":{"line":21,"column":4},"end":{"line":21,"column":null}},"15":{"start":{"line":25,"column":4},"end":{"line":25,"column":null}}},"fnMap":{"0":{"name":"(anonymous_0)","decl":{"start":{"line":4,"column":2},"end":{"line":4,"column":31}},"loc":{"start":{"line":4,"column":56},"end":{"line":4,"column":null}},"line":4},"1":{"name":"(anonymous_1)","decl":{"start":{"line":6,"column":2},"end":{"line":6,"column":9}},"loc":{"start":{"line":6,"column":9},"end":{"line":8,"column":null}},"line":6},"2":{"name":"(anonymous_2)","decl":{"start":{"line":10,"column":2},"end":{"line":10,"column":6}},"loc":{"start":{"line":10,"column":23},"end":{"line":14,"column":null}},"line":10},"3":{"name":"(anonymous_3)","decl":{"start":{"line":11,"column":43},"end":{"line":11,"column":44}},"loc":{"start":{"line":11,"column":53},"end":{"line":11,"column":67}},"line":11},"4":{"name":"(anonymous_4)","decl":{"start":{"line":16,"column":2},"end":{"line":16,"column":9}},"loc":{"start":{"line":16,"column":43},"end":{"line":22,"column":null}},"line":16},"5":{"name":"(anonymous_5)","decl":{"start":{"line":18,"column":44},"end":{"line":18,"column":45}},"loc":{"start":{"line":18,"column":54},"end":{"line":18,"column":68}},"line":18},"6":{"name":"(anonymous_6)","decl":{"start":{"line":24,"column":2},"end":{"line":24,"column":13}},"loc":{"start":{"line":24,"column":32},"end":{"line":26,"column":null}},"line":24}},"branchMap":{"0":{"loc":{"start":{"line":12,"column":4},"end":{"line":12,"column":null}},"type":"if","locations":[{"start":{"line":12,"column":4},"end":{"line":12,"column":null}},{"start":{},"end":{}}],"line":12},"1":{"loc":{"start":{"line":17,"column":4},"end":{"line":17,"column":null}},"type":"if","locations":[{"start":{"line":17,"column":4},"end":{"line":17,"column":null}},{"start":{},"end":{}}],"line":17},"2":{"loc":{"start":{"line":19,"column":4},"end":{"line":19,"column":null}},"type":"if","locations":[{"start":{"line":19,"column":4},"end":{"line":19,"column":null}},{"start":{},"end":{}}],"line":19}},"s":{"0":7,"1":2,"2":3,"3":4,"4":3,"5":1,"6":2,"7":3,"8":2,"9":1,"10":1,"11":1,"12":0,"13":1,"14":1,"15":1},"f":{"0":7,"1":2,"2":3,"3":4,"4":3,"5":1,"6":1},"b":{"0":[1,2],"1":[2,1],"2":[0,1]},"meta":{"lastBranch":3,"lastFunction":7,"lastStatement":16,"seen":{"f:4:2:4:31":0,"s:4:31:4:56":0,"f:6:2:6:9":1,"s:7:4:7:Infinity":1,"f:10:2:10:6":2,"s:11:22:11:Infinity":2,"f:11:43:11:44":3,"s:11:53:11:67":3,"b:12:4:12:Infinity:undefined:undefined:undefined:undefined":0,"s:12:4:12:Infinity":4,"s:12:20:12:Infinity":5,"s:13:4:13:Infinity":6,"f:16:2:16:9":4,"b:17:4:17:Infinity:undefined:undefined:undefined:undefined":1,"s:17:4:17:Infinity":7,"s:17:24:17:Infinity":8,"s:18:18:18:Infinity":9,"f:18:44:18:45":5,"s:18:54:18:68":10,"b:19:4:19:Infinity:undefined:undefined:undefined:undefined":2,"s:19:4:19:Infinity":11,"s:19:19:19:Infinity":12,"s:20:4:20:Infinity":13,"s:21:4:21:Infinity":14,"f:24:2:24:13":6,"s:25:4:25:Infinity":15}}}
,"C:\\Users\\Administrator\\Documents\\GitHub\\game\\apps\\api\\src\\services\\gameStateService.ts": {"path":"C:\\Users\\Administrator\\Documents\\GitHub\\game\\apps\\api\\src\\services\\gameStateService.ts","statementMap":{"0":{"start":{"line":15,"column":6},"end":{"line":15,"column":null}},"1":{"start":{"line":20,"column":28},"end":{"line":20,"column":null}},"2":{"start":{"line":21,"column":27},"end":{"line":21,"column":null}},"3":{"start":{"line":23,"column":64},"end":{"line":23,"column":null}},"4":{"start":{"line":26,"column":21},"end":{"line":26,"column":null}},"5":{"start":{"line":29,"column":4},"end":{"line":29,"column":null}},"6":{"start":{"line":34,"column":4},"end":{"line":34,"column":null}},"7":{"start":{"line":38,"column":4},"end":{"line":40,"column":null}},"8":{"start":{"line":39,"column":6},"end":{"line":39,"column":null}},"9":{"start":{"line":39,"column":12},"end":{"line":39,"column":27}},"10":{"start":{"line":44,"column":4},"end":{"line":49,"column":null}},"11":{"start":{"line":45,"column":21},"end":{"line":47,"column":null}},"12":{"start":{"line":46,"column":26},"end":{"line":46,"column":null}},"13":{"start":{"line":48,"column":6},"end":{"line":48,"column":null}},"14":{"start":{"line":48,"column":18},"end":{"line":48,"column":null}},"15":{"start":{"line":51,"column":22},"end":{"line":51,"column":null}},"16":{"start":{"line":52,"column":10},"end":{"line":52,"column":null}},"17":{"start":{"line":53,"column":29},"end":{"line":66,"column":null}},"18":{"start":{"line":67,"column":4},"end":{"line":67,"column":null}},"19":{"start":{"line":67,"column":63},"end":{"line":67,"column":132}},"20":{"start":{"line":68,"column":4},"end":{"line":68,"column":null}},"21":{"start":{"line":69,"column":4},"end":{"line":69,"column":null}},"22":{"start":{"line":70,"column":4},"end":{"line":70,"column":null}},"23":{"start":{"line":74,"column":18},"end":{"line":74,"column":null}},"24":{"start":{"line":75,"column":4},"end":{"line":75,"column":null}},"25":{"start":{"line":75,"column":16},"end":{"line":75,"column":null}},"26":{"start":{"line":76,"column":4},"end":{"line":76,"column":null}},"27":{"start":{"line":80,"column":18},"end":{"line":80,"column":null}},"28":{"start":{"line":81,"column":4},"end":{"line":81,"column":null}},"29":{"start":{"line":82,"column":4},"end":{"line":82,"column":null}},"30":{"start":{"line":83,"column":4},"end":{"line":83,"column":null}},"31":{"start":{"line":87,"column":4},"end":{"line":87,"column":null}},"32":{"start":{"line":88,"column":19},"end":{"line":88,"column":null}},"33":{"start":{"line":90,"column":4},"end":{"line":92,"column":null}},"34":{"start":{"line":91,"column":6},"end":{"line":91,"column":null}},"35":{"start":{"line":93,"column":4},"end":{"line":93,"column":null}},"36":{"start":{"line":97,"column":4},"end":{"line":97,"column":null}},"37":{"start":{"line":98,"column":4},"end":{"line":98,"column":null}},"38":{"start":{"line":99,"column":4},"end":{"line":99,"column":null}},"39":{"start":{"line":103,"column":17},"end":{"line":103,"column":null}},"40":{"start":{"line":104,"column":17},"end":{"line":104,"column":null}},"41":{"start":{"line":104,"column":39},"end":{"line":104,"column":118}},"42":{"start":{"line":104,"column":132},"end":{"line":104,"column":136}},"43":{"start":{"line":105,"column":4},"end":{"line":105,"column":null}},"44":{"start":{"line":106,"column":4},"end":{"line":106,"column":null}},"45":{"start":{"line":110,"column":18},"end":{"line":110,"column":null}},"46":{"start":{"line":111,"column":30},"end":{"line":111,"column":null}},"47":{"start":{"line":112,"column":4},"end":{"line":112,"column":null}},"48":{"start":{"line":114,"column":23},"end":{"line":114,"column":null}},"49":{"start":{"line":115,"column":4},"end":{"line":132,"column":null}},"50":{"start":{"line":116,"column":24},"end":{"line":116,"column":null}},"51":{"start":{"line":117,"column":6},"end":{"line":117,"column":null}},"52":{"start":{"line":118,"column":6},"end":{"line":118,"column":null}},"53":{"start":{"line":121,"column":27},"end":{"line":121,"column":null}},"54":{"start":{"line":122,"column":6},"end":{"line":124,"column":null}},"55":{"start":{"line":123,"column":8},"end":{"line":123,"column":null}},"56":{"start":{"line":127,"column":27},"end":{"line":127,"column":null}},"57":{"start":{"line":128,"column":26},"end":{"line":128,"column":null}},"58":{"start":{"line":129,"column":6},"end":{"line":131,"column":null}},"59":{"start":{"line":130,"column":8},"end":{"line":130,"column":null}},"60":{"start":{"line":134,"column":4},"end":{"line":134,"column":null}},"61":{"start":{"line":137,"column":33},"end":{"line":137,"column":null}},"62":{"start":{"line":138,"column":22},"end":{"line":138,"column":null}},"63":{"start":{"line":139,"column":4},"end":{"line":149,"column":null}},"64":{"start":{"line":140,"column":25},"end":{"line":140,"column":null}},"65":{"start":{"line":141,"column":6},"end":{"line":148,"column":null}},"66":{"start":{"line":142,"column":26},"end":{"line":142,"column":null}},"67":{"start":{"line":143,"column":26},"end":{"line":143,"column":null}},"68":{"start":{"line":144,"column":8},"end":{"line":144,"column":null}},"69":{"start":{"line":145,"column":8},"end":{"line":145,"column":null}},"70":{"start":{"line":146,"column":8},"end":{"line":146,"column":null}},"71":{"start":{"line":147,"column":8},"end":{"line":147,"column":null}},"72":{"start":{"line":152,"column":4},"end":{"line":154,"column":null}},"73":{"start":{"line":153,"column":6},"end":{"line":153,"column":null}},"74":{"start":{"line":156,"column":4},"end":{"line":156,"column":null}},"75":{"start":{"line":157,"column":4},"end":{"line":157,"column":null}},"76":{"start":{"line":158,"column":4},"end":{"line":160,"column":null}},"77":{"start":{"line":158,"column":51},"end":{"line":158,"column":66}},"78":{"start":{"line":164,"column":4},"end":{"line":170,"column":null}},"79":{"start":{"line":165,"column":25},"end":{"line":165,"column":null}},"80":{"start":{"line":166,"column":6},"end":{"line":169,"column":null}},"81":{"start":{"line":167,"column":8},"end":{"line":167,"column":null}},"82":{"start":{"line":168,"column":8},"end":{"line":168,"column":null}},"83":{"start":{"line":171,"column":4},"end":{"line":171,"column":null}},"84":{"start":{"line":172,"column":4},"end":{"line":172,"column":null}},"85":{"start":{"line":176,"column":18},"end":{"line":176,"column":null}},"86":{"start":{"line":177,"column":26},"end":{"line":177,"column":null}},"87":{"start":{"line":177,"column":66},"end":{"line":177,"column":102}},"88":{"start":{"line":178,"column":4},"end":{"line":180,"column":null}},"89":{"start":{"line":179,"column":6},"end":{"line":179,"column":null}},"90":{"start":{"line":181,"column":4},"end":{"line":183,"column":null}},"91":{"start":{"line":182,"column":6},"end":{"line":182,"column":null}},"92":{"start":{"line":184,"column":19},"end":{"line":184,"column":null}},"93":{"start":{"line":185,"column":4},"end":{"line":187,"column":null}},"94":{"start":{"line":186,"column":6},"end":{"line":186,"column":null}},"95":{"start":{"line":188,"column":26},"end":{"line":188,"column":null}},"96":{"start":{"line":189,"column":4},"end":{"line":189,"column":null}},"97":{"start":{"line":190,"column":4},"end":{"line":190,"column":null}},"98":{"start":{"line":191,"column":4},"end":{"line":191,"column":null}},"99":{"start":{"line":192,"column":4},"end":{"line":192,"column":null}},"100":{"start":{"line":193,"column":4},"end":{"line":193,"column":null}},"101":{"start":{"line":197,"column":23},"end":{"line":197,"column":null}},"102":{"start":{"line":197,"column":52},"end":{"line":197,"column":84}},"103":{"start":{"line":198,"column":17},"end":{"line":198,"column":null}},"104":{"start":{"line":199,"column":4},"end":{"line":199,"column":null}},"105":{"start":{"line":208,"column":4},"end":{"line":236,"column":null}},"106":{"start":{"line":209,"column":6},"end":{"line":209,"column":null}},"107":{"start":{"line":209,"column":52},"end":{"line":209,"column":null}},"108":{"start":{"line":213,"column":20},"end":{"line":213,"column":null}},"109":{"start":{"line":214,"column":6},"end":{"line":223,"column":null}},"110":{"start":{"line":215,"column":8},"end":{"line":215,"column":null}},"111":{"start":{"line":216,"column":8},"end":{"line":216,"column":null}},"112":{"start":{"line":217,"column":6},"end":{"line":223,"column":null}},"113":{"start":{"line":219,"column":8},"end":{"line":219,"column":null}},"114":{"start":{"line":220,"column":8},"end":{"line":220,"column":null}},"115":{"start":{"line":222,"column":8},"end":{"line":222,"column":null}},"116":{"start":{"line":224,"column":19},"end":{"line":224,"column":null}},"117":{"start":{"line":224,"column":38},"end":{"line":224,"column":62}},"118":{"start":{"line":225,"column":6},"end":{"line":225,"column":null}},"119":{"start":{"line":225,"column":17},"end":{"line":225,"column":null}},"120":{"start":{"line":226,"column":21},"end":{"line":226,"column":null}},"121":{"start":{"line":226,"column":47},"end":{"line":226,"column":71}},"122":{"start":{"line":227,"column":6},"end":{"line":234,"column":null}},"123":{"start":{"line":228,"column":22},"end":{"line":228,"column":null}},"124":{"start":{"line":229,"column":8},"end":{"line":229,"column":null}},"125":{"start":{"line":230,"column":8},"end":{"line":230,"column":null}},"126":{"start":{"line":231,"column":6},"end":{"line":234,"column":null}},"127":{"start":{"line":232,"column":22},"end":{"line":232,"column":null}},"128":{"start":{"line":233,"column":8},"end":{"line":233,"column":null}},"129":{"start":{"line":235,"column":6},"end":{"line":235,"column":null}}},"fnMap":{"0":{"name":"(anonymous_0)","decl":{"start":{"line":25,"column":2},"end":{"line":25,"column":null}},"loc":{"start":{"line":28,"column":4},"end":{"line":30,"column":null}},"line":28},"1":{"name":"(anonymous_1)","decl":{"start":{"line":33,"column":2},"end":{"line":33,"column":19}},"loc":{"start":{"line":33,"column":47},"end":{"line":35,"column":null}},"line":33},"2":{"name":"(anonymous_2)","decl":{"start":{"line":37,"column":10},"end":{"line":37,"column":24}},"loc":{"start":{"line":37,"column":43},"end":{"line":41,"column":null}},"line":37},"3":{"name":"(anonymous_3)","decl":{"start":{"line":43,"column":2},"end":{"line":43,"column":16}},"loc":{"start":{"line":43,"column":45},"end":{"line":71,"column":null}},"line":43},"4":{"name":"(anonymous_4)","decl":{"start":{"line":46,"column":8},"end":{"line":46,"column":9}},"loc":{"start":{"line":46,"column":26},"end":{"line":46,"column":null}},"line":46},"5":{"name":"(anonymous_5)","decl":{"start":{"line":67,"column":46},"end":{"line":67,"column":47}},"loc":{"start":{"line":67,"column":63},"end":{"line":67,"column":132}},"line":67},"6":{"name":"(anonymous_6)","decl":{"start":{"line":73,"column":2},"end":{"line":73,"column":6}},"loc":{"start":{"line":73,"column":25},"end":{"line":77,"column":null}},"line":73},"7":{"name":"(anonymous_7)","decl":{"start":{"line":79,"column":2},"end":{"line":79,"column":17}},"loc":{"start":{"line":79,"column":56},"end":{"line":84,"column":null}},"line":79},"8":{"name":"(anonymous_8)","decl":{"start":{"line":86,"column":2},"end":{"line":86,"column":10}},"loc":{"start":{"line":86,"column":32},"end":{"line":94,"column":null}},"line":86},"9":{"name":"(anonymous_9)","decl":{"start":{"line":96,"column":2},"end":{"line":96,"column":17}},"loc":{"start":{"line":96,"column":36},"end":{"line":100,"column":null}},"line":96},"10":{"name":"(anonymous_10)","decl":{"start":{"line":102,"column":8},"end":{"line":102,"column":20}},"loc":{"start":{"line":102,"column":73},"end":{"line":107,"column":null}},"line":102},"11":{"name":"(anonymous_11)","decl":{"start":{"line":104,"column":28},"end":{"line":104,"column":29}},"loc":{"start":{"line":104,"column":37},"end":{"line":104,"column":119}},"line":104},"12":{"name":"(anonymous_12)","decl":{"start":{"line":104,"column":126},"end":{"line":104,"column":132}},"loc":{"start":{"line":104,"column":132},"end":{"line":104,"column":136}},"line":104},"13":{"name":"(anonymous_13)","decl":{"start":{"line":105,"column":40},"end":{"line":105,"column":46}},"loc":{"start":{"line":105,"column":46},"end":{"line":105,"column":50}},"line":105},"14":{"name":"(anonymous_14)","decl":{"start":{"line":105,"column":50},"end":{"line":105,"column":56}},"loc":{"start":{"line":105,"column":56},"end":{"line":105,"column":58}},"line":105},"15":{"name":"(anonymous_15)","decl":{"start":{"line":109,"column":2},"end":{"line":109,"column":21}},"loc":{"start":{"line":109,"column":88},"end":{"line":173,"column":null}},"line":109},"16":{"name":"(anonymous_16)","decl":{"start":{"line":158,"column":41},"end":{"line":158,"column":42}},"loc":{"start":{"line":158,"column":51},"end":{"line":158,"column":66}},"line":158},"17":{"name":"(anonymous_17)","decl":{"start":{"line":175,"column":2},"end":{"line":175,"column":14}},"loc":{"start":{"line":175,"column":54},"end":{"line":194,"column":null}},"line":175},"18":{"name":"(anonymous_18)","decl":{"start":{"line":177,"column":59},"end":{"line":177,"column":60}},"loc":{"start":{"line":177,"column":66},"end":{"line":177,"column":102}},"line":177},"19":{"name":"(anonymous_19)","decl":{"start":{"line":196,"column":10},"end":{"line":196,"column":32}},"loc":{"start":{"line":196,"column":129},"end":{"line":200,"column":null}},"line":196},"20":{"name":"(anonymous_20)","decl":{"start":{"line":197,"column":42},"end":{"line":197,"column":43}},"loc":{"start":{"line":197,"column":52},"end":{"line":197,"column":84}},"line":197},"21":{"name":"(anonymous_21)","decl":{"start":{"line":202,"column":10},"end":{"line":202,"column":null}},"loc":{"start":{"line":207,"column":4},"end":{"line":237,"column":null}},"line":207},"22":{"name":"(anonymous_22)","decl":{"start":{"line":224,"column":31},"end":{"line":224,"column":32}},"loc":{"start":{"line":224,"column":38},"end":{"line":224,"column":62}},"line":224},"23":{"name":"(anonymous_23)","decl":{"start":{"line":226,"column":40},"end":{"line":226,"column":41}},"loc":{"start":{"line":226,"column":47},"end":{"line":226,"column":71}},"line":226}},"branchMap":{"0":{"loc":{"start":{"line":27,"column":4},"end":{"line":27,"column":null}},"type":"default-arg","locations":[{"start":{"line":27,"column":18},"end":{"line":27,"column":null}}],"line":27},"1":{"loc":{"start":{"line":44,"column":4},"end":{"line":49,"column":null}},"type":"if","locations":[{"start":{"line":44,"column":4},"end":{"line":49,"column":null}},{"start":{},"end":{}}],"line":44},"2":{"loc":{"start":{"line":48,"column":6},"end":{"line":48,"column":null}},"type":"if","locations":[{"start":{"line":48,"column":6},"end":{"line":48,"column":null}},{"start":{},"end":{}}],"line":48},"3":{"loc":{"start":{"line":75,"column":4},"end":{"line":75,"column":null}},"type":"if","locations":[{"start":{"line":75,"column":4},"end":{"line":75,"column":null}},{"start":{},"end":{}}],"line":75},"4":{"loc":{"start":{"line":90,"column":4},"end":{"line":92,"column":null}},"type":"if","locations":[{"start":{"line":90,"column":4},"end":{"line":92,"column":null}},{"start":{},"end":{}}],"line":90},"5":{"loc":{"start":{"line":90,"column":8},"end":{"line":90,"column":89}},"type":"binary-expr","locations":[{"start":{"line":90,"column":8},"end":{"line":90,"column":52}},{"start":{"line":90,"column":52},"end":{"line":90,"column":89}}],"line":90},"6":{"loc":{"start":{"line":103,"column":17},"end":{"line":103,"column":null}},"type":"binary-expr","locations":[{"start":{"line":103,"column":17},"end":{"line":103,"column":46}},{"start":{"line":103,"column":46},"end":{"line":103,"column":null}}],"line":103},"7":{"loc":{"start":{"line":115,"column":4},"end":{"line":132,"column":null}},"type":"if","locations":[{"start":{"line":115,"column":4},"end":{"line":132,"column":null}},{"start":{},"end":{}}],"line":115},"8":{"loc":{"start":{"line":115,"column":8},"end":{"line":115,"column":90}},"type":"binary-expr","locations":[{"start":{"line":115,"column":8},"end":{"line":115,"column":34}},{"start":{"line":115,"column":34},"end":{"line":115,"column":90}}],"line":115},"9":{"loc":{"start":{"line":122,"column":6},"end":{"line":124,"column":null}},"type":"if","locations":[{"start":{"line":122,"column":6},"end":{"line":124,"column":null}},{"start":{},"end":{}}],"line":122},"10":{"loc":{"start":{"line":129,"column":6},"end":{"line":131,"column":null}},"type":"if","locations":[{"start":{"line":129,"column":6},"end":{"line":131,"column":null}},{"start":{},"end":{}}],"line":129},"11":{"loc":{"start":{"line":129,"column":10},"end":{"line":129,"column":82}},"type":"binary-expr","locations":[{"start":{"line":129,"column":10},"end":{"line":129,"column":40}},{"start":{"line":129,"column":40},"end":{"line":129,"column":82}}],"line":129},"12":{"loc":{"start":{"line":130,"column":30},"end":{"line":130,"column":57}},"type":"binary-expr","locations":[{"start":{"line":130,"column":30},"end":{"line":130,"column":52}},{"start":{"line":130,"column":52},"end":{"line":130,"column":57}}],"line":130},"13":{"loc":{"start":{"line":138,"column":22},"end":{"line":138,"column":null}},"type":"binary-expr","locations":[{"start":{"line":138,"column":22},"end":{"line":138,"column":51}},{"start":{"line":138,"column":51},"end":{"line":138,"column":null}}],"line":138},"14":{"loc":{"start":{"line":139,"column":4},"end":{"line":149,"column":null}},"type":"if","locations":[{"start":{"line":139,"column":4},"end":{"line":149,"column":null}},{"start":{},"end":{}}],"line":139},"15":{"loc":{"start":{"line":139,"column":8},"end":{"line":139,"column":76}},"type":"binary-expr","locations":[{"start":{"line":139,"column":8},"end":{"line":139,"column":26}},{"start":{"line":139,"column":26},"end":{"line":139,"column":76}}],"line":139},"16":{"loc":{"start":{"line":141,"column":6},"end":{"line":148,"column":null}},"type":"if","locations":[{"start":{"line":141,"column":6},"end":{"line":148,"column":null}},{"start":{},"end":{}}],"line":141},"17":{"loc":{"start":{"line":141,"column":10},"end":{"line":141,"column":76}},"type":"binary-expr","locations":[{"start":{"line":141,"column":10},"end":{"line":141,"column":29}},{"start":{"line":141,"column":29},"end":{"line":141,"column":76}}],"line":141},"18":{"loc":{"start":{"line":152,"column":4},"end":{"line":154,"column":null}},"type":"if","locations":[{"start":{"line":152,"column":4},"end":{"line":154,"column":null}},{"start":{},"end":{}}],"line":152},"19":{"loc":{"start":{"line":158,"column":19},"end":{"line":160,"column":null}},"type":"cond-expr","locations":[{"start":{"line":159,"column":8},"end":{"line":159,"column":null}},{"start":{"line":160,"column":8},"end":{"line":160,"column":null}}],"line":158},"20":{"loc":{"start":{"line":164,"column":4},"end":{"line":170,"column":null}},"type":"if","locations":[{"start":{"line":164,"column":4},"end":{"line":170,"column":null}},{"start":{},"end":{}}],"line":164},"21":{"loc":{"start":{"line":164,"column":8},"end":{"line":164,"column":52}},"type":"binary-expr","locations":[{"start":{"line":164,"column":8},"end":{"line":164,"column":37}},{"start":{"line":164,"column":37},"end":{"line":164,"column":52}}],"line":164},"22":{"loc":{"start":{"line":166,"column":6},"end":{"line":169,"column":null}},"type":"if","locations":[{"start":{"line":166,"column":6},"end":{"line":169,"column":null}},{"start":{},"end":{}}],"line":166},"23":{"loc":{"start":{"line":166,"column":10},"end":{"line":166,"column":78}},"type":"binary-expr","locations":[{"start":{"line":166,"column":10},"end":{"line":166,"column":29}},{"start":{"line":166,"column":29},"end":{"line":166,"column":78}}],"line":166},"24":{"loc":{"start":{"line":178,"column":4},"end":{"line":180,"column":null}},"type":"if","locations":[{"start":{"line":178,"column":4},"end":{"line":180,"column":null}},{"start":{},"end":{}}],"line":178},"25":{"loc":{"start":{"line":181,"column":4},"end":{"line":183,"column":null}},"type":"if","locations":[{"start":{"line":181,"column":4},"end":{"line":183,"column":null}},{"start":{},"end":{}}],"line":181},"26":{"loc":{"start":{"line":181,"column":8},"end":{"line":181,"column":73}},"type":"binary-expr","locations":[{"start":{"line":181,"column":8},"end":{"line":181,"column":27}},{"start":{"line":181,"column":27},"end":{"line":181,"column":73}}],"line":181},"27":{"loc":{"start":{"line":185,"column":4},"end":{"line":187,"column":null}},"type":"if","locations":[{"start":{"line":185,"column":4},"end":{"line":187,"column":null}},{"start":{},"end":{}}],"line":185},"28":{"loc":{"start":{"line":198,"column":17},"end":{"line":198,"column":null}},"type":"cond-expr","locations":[{"start":{"line":198,"column":30},"end":{"line":198,"column":73}},{"start":{"line":198,"column":73},"end":{"line":198,"column":null}}],"line":198},"29":{"loc":{"start":{"line":209,"column":6},"end":{"line":209,"column":null}},"type":"if","locations":[{"start":{"line":209,"column":6},"end":{"line":209,"column":null}},{"start":{},"end":{}}],"line":209},"30":{"loc":{"start":{"line":209,"column":10},"end":{"line":209,"column":52}},"type":"binary-expr","locations":[{"start":{"line":209,"column":10},"end":{"line":209,"column":39}},{"start":{"line":209,"column":39},"end":{"line":209,"column":52}}],"line":209},"31":{"loc":{"start":{"line":214,"column":6},"end":{"line":223,"column":null}},"type":"if","locations":[{"start":{"line":214,"column":6},"end":{"line":223,"column":null}},{"start":{"line":217,"column":6},"end":{"line":223,"column":null}}],"line":214},"32":{"loc":{"start":{"line":217,"column":6},"end":{"line":223,"column":null}},"type":"if","locations":[{"start":{"line":217,"column":6},"end":{"line":223,"column":null}},{"start":{"line":221,"column":13},"end":{"line":223,"column":null}}],"line":217},"33":{"loc":{"start":{"line":225,"column":6},"end":{"line":225,"column":null}},"type":"if","locations":[{"start":{"line":225,"column":6},"end":{"line":225,"column":null}},{"start":{},"end":{}}],"line":225},"34":{"loc":{"start":{"line":227,"column":6},"end":{"line":234,"column":null}},"type":"if","locations":[{"start":{"line":227,"column":6},"end":{"line":234,"column":null}},{"start":{"line":231,"column":6},"end":{"line":234,"column":null}}],"line":227},"35":{"loc":{"start":{"line":228,"column":22},"end":{"line":228,"column":null}},"type":"binary-expr","locations":[{"start":{"line":228,"column":22},"end":{"line":228,"column":36}},{"start":{"line":228,"column":36},"end":{"line":228,"column":null}}],"line":228},"36":{"loc":{"start":{"line":231,"column":6},"end":{"line":234,"column":null}},"type":"if","locations":[{"start":{"line":231,"column":6},"end":{"line":234,"column":null}},{"start":{},"end":{}}],"line":231},"37":{"loc":{"start":{"line":232,"column":22},"end":{"line":232,"column":null}},"type":"binary-expr","locations":[{"start":{"line":232,"column":22},"end":{"line":232,"column":36}},{"start":{"line":232,"column":36},"end":{"line":232,"column":null}}],"line":232},"38":{"loc":{"start":{"line":235,"column":20},"end":{"line":235,"column":39}},"type":"binary-expr","locations":[{"start":{"line":235,"column":20},"end":{"line":235,"column":34}},{"start":{"line":235,"column":34},"end":{"line":235,"column":39}}],"line":235}},"s":{"0":1,"1":9,"2":9,"3":9,"4":9,"5":9,"6":0,"7":1,"8":0,"9":0,"10":8,"11":0,"12":0,"13":0,"14":0,"15":8,"16":8,"17":8,"18":8,"19":9,"20":8,"21":8,"22":8,"23":8,"24":8,"25":1,"26":7,"27":0,"28":0,"29":0,"30":0,"31":1,"32":1,"33":1,"34":0,"35":1,"36":1,"37":1,"38":1,"39":0,"40":0,"41":0,"42":0,"43":0,"44":0,"45":6,"46":6,"47":6,"48":6,"49":6,"50":1,"51":1,"52":1,"53":1,"54":1,"55":1,"56":1,"57":1,"58":1,"59":0,"60":6,"61":6,"62":6,"63":6,"64":0,"65":0,"66":0,"67":0,"68":0,"69":0,"70":0,"71":0,"72":6,"73":1,"74":6,"75":6,"76":6,"77":6,"78":6,"79":4,"80":4,"81":0,"82":0,"83":6,"84":6,"85":0,"86":0,"87":0,"88":0,"89":0,"90":0,"91":0,"92":0,"93":0,"94":0,"95":0,"96":0,"97":0,"98":0,"99":0,"100":0,"101":9,"102":12,"103":9,"104":9,"105":6,"106":3,"107":0,"108":3,"109":3,"110":3,"111":3,"112":0,"113":0,"114":0,"115":0,"116":3,"117":3,"118":3,"119":0,"120":3,"121":5,"122":3,"123":2,"124":2,"125":2,"126":1,"127":1,"128":1,"129":3},"f":{"0":9,"1":0,"2":1,"3":8,"4":0,"5":9,"6":8,"7":0,"8":1,"9":1,"10":0,"11":0,"12":0,"13":0,"14":0,"15":6,"16":6,"17":0,"18":0,"19":9,"20":12,"21":6,"22":3,"23":5},"b":{"0":[9],"1":[0,8],"2":[0,0],"3":[1,7],"4":[0,1],"5":[1,1],"6":[0,0],"7":[1,5],"8":[6,2],"9":[1,0],"10":[0,1],"11":[1,0],"12":[0,0],"13":[6,0],"14":[0,6],"15":[6,5],"16":[0,0],"17":[0,0],"18":[1,5],"19":[1,5],"20":[4,2],"21":[6,5],"22":[0,4],"23":[4,4],"24":[0,0],"25":[0,0],"26":[0,0],"27":[0,0],"28":[9,0],"29":[0,3],"30":[3,3],"31":[3,0],"32":[0,0],"33":[0,3],"34":[2,1],"35":[2,0],"36":[1,0],"37":[1,0],"38":[3,3]},"meta":{"lastBranch":39,"lastFunction":24,"lastStatement":130,"seen":{"s:15:6:15:Infinity":0,"s:20:28:20:Infinity":1,"s:21:27:21:Infinity":2,"s:23:64:23:Infinity":3,"f:25:2:25:Infinity":0,"b:27:18:27:Infinity":0,"s:26:21:26:Infinity":4,"s:29:4:29:Infinity":5,"f:33:2:33:19":1,"s:34:4:34:Infinity":6,"f:37:10:37:24":2,"s:38:4:40:Infinity":7,"s:39:6:39:Infinity":8,"s:39:12:39:27":9,"f:43:2:43:16":3,"b:44:4:49:Infinit
[...]
,"end":{"line":154,"column":null}},"67":{"start":{"line":154,"column":72},"end":{"line":154,"column":null}},"68":{"start":{"line":155,"column":16},"end":{"line":155,"column":null}},"69":{"start":{"line":156,"column":4},"end":{"line":156,"column":null}},"70":{"start":{"line":156,"column":26},"end":{"line":156,"column":null}},"71":{"start":{"line":157,"column":10},"end":{"line":157,"column":null}},"72":{"start":{"line":158,"column":10},"end":{"line":158,"column":null}},"73":{"start":{"line":159,"column":21},"end":{"line":159,"column":null}},"74":{"start":{"line":160,"column":10},"end":{"line":160,"column":null}},"75":{"start":{"line":161,"column":30},"end":{"line":168,"column":null}},"76":{"start":{"line":166,"column":43},"end":{"line":166,"column":80}},"77":{"start":{"line":166,"column":80},"end":{"line":166,"column":112}},"78":{"start":{"line":169,"column":4},"end":{"line":174,"column":null}},"79":{"start":{"line":170,"column":6},"end":{"line":170,"column":null}},"80":{"start":{"line":172,"column":20},"end":{"line":172,"column":null}},"81":{"start":{"line":173,"column":6},"end":{"line":173,"column":null}},"82":{"start":{"line":175,"column":4},"end":{"line":175,"column":null}},"83":{"start":{"line":176,"column":4},"end":{"line":176,"column":null}},"84":{"start":{"line":181,"column":18},"end":{"line":181,"column":null}},"85":{"start":{"line":183,"column":18},"end":{"line":183,"column":null}},"86":{"start":{"line":183,"column":36},"end":{"line":183,"column":80}},"87":{"start":{"line":184,"column":17},"end":{"line":184,"column":null}},"88":{"start":{"line":185,"column":4},"end":{"line":185,"column":null}},"89":{"start":{"line":190,"column":17},"end":{"line":190,"column":null}},"90":{"start":{"line":191,"column":4},"end":{"line":194,"column":null}},"91":{"start":{"line":192,"column":6},"end":{"line":192,"column":null}},"92":{"start":{"line":193,"column":6},"end":{"line":193,"column":null}},"93":{"start":{"line":199,"column":4},"end":{"line":205,"column":null}},"94":{"start":{"line":200,"column":20},"end":{"line":200,"column":null}},"95":{"start":{"line":201,"column":6},"end":{"line":201,"column":null}},"96":{"start":{"line":203,"column":6},"end":{"line":203,"column":null}},"97":{"start":{"line":204,"column":6},"end":{"line":204,"column":null}},"98":{"start":{"line":210,"column":4},"end":{"line":221,"column":null}},"99":{"start":{"line":210,"column":20},"end":{"line":210,"column":23}},"100":{"start":{"line":211,"column":19},"end":{"line":211,"column":null}},"101":{"start":{"line":212,"column":6},"end":{"line":220,"column":null}},"102":{"start":{"line":213,"column":14},"end":{"line":213,"column":null}},"103":{"start":{"line":214,"column":21},"end":{"line":214,"column":null}},"104":{"start":{"line":215,"column":8},"end":{"line":219,"column":null}},"105":{"start":{"line":216,"column":10},"end":{"line":216,"column":null}},"106":{"start":{"line":217,"column":10},"end":{"line":217,"column":null}},"107":{"start":{"line":218,"column":10},"end":{"line":218,"column":null}}},"fnMap":{"0":{"name":"(anonymous_0)","decl":{"start":{"line":36,"column":2},"end":{"line":36,"column":31}},"loc":{"start":{"line":36,"column":53},"end":{"line":38,"column":null}},"line":36},"1":{"name":"(anonymous_1)","decl":{"start":{"line":40,"column":10},"end":{"line":40,"column":19}},"loc":{"start":{"line":40,"column":43},"end":{"line":42,"column":null}},"line":40},"2":{"name":"(anonymous_2)","decl":{"start":{"line":44,"column":10},"end":{"line":44,"column":19}},"loc":{"start":{"line":44,"column":65},"end":{"line":49,"column":null}},"line":44},"3":{"name":"(anonymous_3)","decl":{"start":{"line":52,"column":10},"end":{"line":52,"column":19}},"loc":{"start":{"line":52,"column":57},"end":{"line":76,"column":null}},"line":52},"4":{"name":"(anonymous_4)","decl":{"start":{"line":56,"column":35},"end":{"line":56,"column":36}},"loc":{"start":{"line":56,"column":52},"end":{"line":63,"column":7}},"line":56},"5":{"name":"(anonymous_5)","decl":{"start":{"line":79,"column":2},"end":{"line":79,"column":12}},"loc":{"start":{"line":79,"column":48},"end":{"line":106,"column":null}},"line":79},"6":{"name":"(anonymous_6)","decl":{"start":{"line":82,"column":60},"end":{"line":82,"column":61}},"loc":{"start":{"line":82,"column":71},"end":{"line":82,"column":99}},"line":82},"7":{"name":"(anonymous_7)","decl":{"start":{"line":109,"column":2},"end":{"line":109,"column":7}},"loc":{"start":{"line":109,"column":50},"end":{"line":113,"column":null}},"line":109},"8":{"name":"(anonymous_8)","decl":{"start":{"line":111,"column":14},"end":{"line":111,"column":15}},"loc":{"start":{"line":111,"column":21},"end":{"line":111,"column":36}},"line":111},"9":{"name":"(anonymous_9)","decl":{"start":{"line":112,"column":11},"end":{"line":112,"column":12}},"loc":{"start":{"line":112,"column":18},"end":{"line":112,"column":25}},"line":112},"10":{"name":"(anonymous_10)","decl":{"start":{"line":116,"column":2},"end":{"line":116,"column":12}},"loc":{"start":{"line":116,"column":63},"end":{"line":133,"column":null}},"line":116},"11":{"name":"(anonymous_11)","decl":{"start":{"line":136,"column":2},"end":{"line":136,"column":6}},"loc":{"start":{"line":136,"column":62},"end":{"line":150,"column":null}},"line":136},"12":{"name":"(anonymous_12)","decl":{"start":{"line":153,"column":2},"end":{"line":153,"column":13}},"loc":{"start":{"line":153,"column":122},"end":{"line":177,"column":null}},"line":153},"13":{"name":"(anonymous_13)","decl":{"start":{"line":166,"column":29},"end":{"line":166,"column":35}},"loc":{"start":{"line":166,"column":35},"end":{"line":166,"column":115}},"line":166},"14":{"name":"(anonymous_14)","decl":{"start":{"line":180,"column":2},"end":{"line":180,"column":7}},"loc":{"start":{"line":180,"column":102},"end":{"line":186,"column":null}},"line":180},"15":{"name":"(anonymous_15)","decl":{"start":{"line":183,"column":29},"end":{"line":183,"column":30}},"loc":{"start":{"line":183,"column":36},"end":{"line":183,"column":80}},"line":183},"16":{"name":"(anonymous_16)","decl":{"start":{"line":189,"column":2},"end":{"line":189,"column":15}},"loc":{"start":{"line":189,"column":59},"end":{"line":195,"column":null}},"line":189},"17":{"name":"(anonymous_17)","decl":{"start":{"line":198,"column":2},"end":{"line":198,"column":11}},"loc":{"start":{"line":198,"column":98},"end":{"line":206,"column":null}},"line":198},"18":{"name":"(anonymous_18)","decl":{"start":{"line":209,"column":2},"end":{"line":209,"column":9}},"loc":{"start":{"line":209,"column":58},"end":{"line":222,"column":null}},"line":209}},"branchMap":{"0":{"loc":{"start":{"line":37,"column":4},"end":{"line":37,"column":null}},"type":"if","locations":[{"start":{"line":37,"column":4},"end":{"line":37,"column":null}},{"start":{},"end":{}}],"line":37},"1":{"loc":{"start":{"line":45,"column":4},"end":{"line":47,"column":null}},"type":"if","locations":[{"start":{"line":45,"column":4},"end":{"line":47,"column":null}},{"start":{},"end":{}}],"line":45},"2":{"loc":{"start":{"line":58,"column":8},"end":{"line":61,"column":null}},"type":"if","locations":[{"start":{"line":58,"column":8},"end":{"line":61,"column":null}},{"start":{},"end":{}}],"line":58},"3":{"loc":{"start":{"line":58,"column":12},"end":{"line":58,"column":57}},"type":"binary-expr","locations":[{"start":{"line":58,"column":12},"end":{"line":58,"column":35}},{"start":{"line":58,"column":35},"end":{"line":58,"column":57}}],"line":58},"4":{"loc":{"start":{"line":67,"column":15},"end":{"line":67,"column":null}},"type":"binary-expr","locations":[{"start":{"line":67,"column":15},"end":{"line":67,"column":40}},{"start":{"line":67,"column":40},"end":{"line":67,"column":null}}],"line":67},"5":{"loc":{"start":{"line":68,"column":16},"end":{"line":68,"column":null}},"type":"binary-expr","locations":[{"start":{"line":68,"column":16},"end":{"line":68,"column":42}},{"start":{"line":68,"column":42},"end":{"line":68,"column":null}}],"line":68},"6":{"loc":{"start":{"line":81,"column":4},"end":{"line":84,"column":null}},"type":"if","locations":[{"start":{"line":81,"column":4},"end":{"line":84,"column":null}},{"start":{},"end":{}}],"line":81},"7":{"loc":{"start":{"line":89,"column":4},"end":{"line":94,"column":null}},"type":"if","locations":[{"start":{"line":89,"column":4},"end":{"line":94,"column":null}},{"start":{"line":92,"column":11},"end":{"line":94,"column":null}}],"line":89},"8":{"loc":{"start":{"line":98,"column":6},"end":{"line":103,"column":null}},"type":"if","locations":[{"start":{"line":98,"column":6},"end":{"line":103,"column":null}},{"start":{"line":101,"column":13},"end":{"line":103,"column":null}}],"line":98},"9":{"loc":{"start":{"line":118,"column":4},"end":{"line":118,"column":null}},"type":"if","locations":[{"start":{"line":118,"column":4},"end":{"line":118,"column":null}},{"start":{},"end":{}}],"line":118},"10":{"loc":{"start":{"line":122,"column":6},"end":{"line":124,"column":null}},"type":"if","locations":[{"start":{"line":122,"column":6},"end":{"line":124,"column":null}},{"start":{},"end":{}}],"line":122},"11":{"loc":{"start":{"line":122,"column":10},"end":{"line":122,"column":73}},"type":"binary-expr","locations":[{"start":{"line":122,"column":10},"end":{"line":122,"column":32}},{"start":{"line":122,"column":32},"end":{"line":122,"column":54}},{"start":{"line":122,"column":54},"end":{"line":122,"column":73}}],"line":122},"12":{"loc":{"start":{"line":127,"column":6},"end":{"line":130,"column":null}},"type":"if","locations":[{"start":{"line":127,"column":6},"end":{"line":130,"column":null}},{"start":{},"end":{}}],"line":127},"13":{"loc":{"start":{"line":139,"column":6},"end":{"line":147,"column":null}},"type":"if","locations":[{"start":{"line":139,"column":6},"end":{"line":147,"column":null}},{"start":{},"end":{}}],"line":139},"14":{"loc":{"start":{"line":143,"column":10},"end":{"line":143,"column":null}},"type":"if","locations":[{"start":{"line":143,"column":10},"end":{"line":143,"column":null}},{"start":{},"end":{}}],"line":143},"15":{"loc":{"start":{"line":154,"column":4},"end":{"line":154,"column":null}},"type":"if","locations":[{"start":{"line":154,"column":4},"end":{"line":154,"column":null}},{"start":{},"end":{}}],"line":154},"16":{"loc":{"start":{"line":154,"column":8},"end":{"line":154,"column":72}},"type":"binary-expr","locations":[{"start":{"line":154,"column":8},"end":{"line":154,"column":36}},{"start":{"line":154,"column":36},"end":{"line":154,"column":48}},{"start":{"line":154,"column":48},"end":{"line":154,"column":72}}],"line":154},"17":{"loc":{"start":{"line":156,"column":4},"end":{"line":156,"column":null}},"type":"if","locations":[{"start":{"line":156,"column":4},"end":{"line":156,"column":null}},{"start":{},"end":{}}],"line":156},"18":{"loc":{"start":{"line":166,"column":17},"end":{"line":166,"column":null}},"type":"cond-expr","locations":[{"start":{"line":166,"column":17},"end":{"line":166,"column":119}},{"start":{"line":166,"column":119},"end":{"line":166,"column":null}}],"line":166},"19":{"loc":{"start":{"line":172,"column":20},"end":{"line":172,"column":null}},"type":"cond-expr","locations":[{"start":{"line":172,"column":43},"end":{"line":172,"column":57}},{"start":{"line":172,"column":57},"end":{"line":172,"column":null}}],"line":172},"20":{"loc":{"start":{"line":183,"column":36},"end":{"line":183,"column":80}},"type":"binary-expr","locations":[{"start":{"line":183,"column":36},"end":{"line":183,"column":65}},{"start":{"line":183,"column":65},"end":{"line":183,"column":80}}],"line":183},"21":{"loc":{"start":{"line":184,"column":17},"end":{"line":184,"column":null}},"type":"cond-expr","locations":[{"start":{"line":184,"column":25},"end":{"line":184,"column":38}},{"start":{"line":184,"column":38},"end":{"line":184,"column":null}}],"line":184},"22":{"loc":{"start":{"line":191,"column":4},"end":{"line":194,"column":null}},"type":"if","locations":[{"start":{"line":191,"column":4},"end":{"line":194,"column":null}},{"start":{},"end":{}}],"line":191},"23":{"loc":{"start":{"line":212,"column":6},"end":{"line":220,"column":null}},"type":"if","locations":[{"start":{"line":212,"column":6},"end":{"line":220,"column":null}},{"start":{},"end":{}}],"line":212},"24":{"loc":{"start":{"line":215,"column":8},"end":{"line":219,"column":null}},"type":"if","locations":[{"start":{"line":215,"column":8},"end":{"line":219,"column":null}},{"start":{},"end":{}}],"line":215}},"s":{"0":1,"1":1,"2":1,"3":27,"4":27,"5":0,"6":160,"7":113,"8":18,"9":95,"10":27,"11":27,"12":27,"13":27,"14":1076,"15":26,"16":26,"17":1050,"18":27,"19":1,"20":20,"21":20,"22":3,"23":9,"24":3,"25":17,"26":17,"27":17,"28":0,"29":0,"30":17,"31":17,"32":17,"33":51,"34":51,"35":27,"36":27,"37":24,"38":17,"39":9,"40":36,"41":11,"42":6,"43":6,"44":1,"45":5,"46":5,"47":5,"48":5,"49":1,"50":3,"51":2,"52":1,"53":1,"54":1,"55":2,"56":2,"57":5,"58":5,"59":1,"60":1,"61":1,"62":1,"63":1,"64":0,"65":1,"66":28,"67":1,"68":27,"69":27,"70":19,"71":27,"72":27,"73":27,"74":27,"75":27,"76":2,"77":2,"78":28,"79":28,"80":0,"81":0,"82":27,"83":27,"84":2,"85":2,"86":6,"87":2,"88":2,"89":3,"90":3,"91":2,"92":2,"93":0,"94":0,"95":0,"96":0,"97":0,"98":2,"99":2,"100":4,"101":4,"102":1,"103":1,"104":1,"105":1,"106":1,"107":1},"f":{"0":27,"1":160,"2":113,"3":27,"4":1076,"5":20,"6":9,"7":9,"8":36,"9":11,"10":6,"11":2,"12":28,"13":2,"14":2,"15":6,"16":3,"17":0,"18":2},"b":{"0":[0,27],"1":[18,95],"2":[26,1050],"3":[1076,26],"4":[27,0],"5":[27,0],"6":[3,17],"7":[0,17],"8":[27,24],"9":[1,5],"10":[1,4],"11":[5,4,3],"12":[1,1],"13":[1,4],"14":[1,0],"15":[1,27],"16":[28,27,27],"17":[19,8],"18":[2,25],"19":[0,0],"20":[6,4],"21":[1,1],"22":[2,1],"23":[1,3],"24":[1,0]},"meta":{"lastBranch":25,"lastFunction":19,"lastStatement":108,"seen":{"s:6:6:6:Infinity":0,"s:8:30:8:Infinity":1,"s:9:30:9:Infinity":2,"f:36:2:36:31":0,"s:36:31:36:53":3,"b:37:4:37:Infinity:undefined:undefined:undefined:undefined":0,"s:37:4:37:Infinity":4,"s:37:35:37:Infinity":5,"f:40:10:40:19":1,"s:41:4:41:Infinity":6,"f:44:10:44:19":2,"b:45:4:47:Infinity:undefined:undefined:undefined:undefined":1,"s:45:4:47:Infinity":7,"s:46:6:46:Infinity":8,"s:48:4:48:Infinity":9,"f:52:10:52:19":3,"s:53:4:75:Infinity":10,"s:54:12:54:Infinity":11,"s:55:21:55:Infinity":12,"s:56:19:63:Infinity":13,"f:56:35:56:36":4,"b:58:8:61:Infinity:undefined:undefined:undefined:undefined":2,"s:58:8:61:Infinity":14,"b:58:12:58:35:58:35:58:57":3,"s:59:10:59:Infinity":15,"s:60:10:60:Infinity":16,"s:62:8:62:Infinity":17,"s:64:6:72:Infinity":18,"b:67:15:67:40:67:40:67:Infinity":4,"b:68:16:68:42:68:42:68:Infinity":5,"s:74:6:74:Infinity":19,"f:79:2:79:12":5,"s:80:16:80:Infinity":20,"b:81:4:84:Infinity:undefined:undefined:undefined:undefined":6,"s:81:4:84:Infinity":21,"s:82:21:82:Infinity":22,"f:82:60:82:61":6,"s:82:71:82:99":23,"s:83:6:83:Infinity":24,"s:85:30:85:Infinity":25,"s:88:21:88:Infinity":26,"b:89:4:94:Infinity:92:11:94:Infinity":7,"s:89:4:94:Infinity":27,"s:90:19:90:Infinity":28,"s:91:6:91:Infinity":29,"s:93:6:93:Infinity":30,"s:96:4:104:Infinity":31,"s:96:20:96:23":32,"s:97:19:97:Infinity":33,"b:98:6:103:Infinity:101:13:103:Infinity":8,"s:98:6:103:Infinity":34,"s:99:21:99:Infinity":35,"s:100:8:100:Infinity":36,"s:102:8:102:Infinity":37,"s:105:4:105:Infinity":38,"f:109:2:109:7":7,"s:110:4:112:Infinity":39,"f:111:14:111:15":8,"s:111:21:111:36":40,"f:112:11:112:12":9,"s:112:18:112:25":41,"f:116:2:116:12":10,"s:117:17:117:Infinity":42,"b:118:4:118:Infinity:undefined:undefined:undefined:undefined":9,"s:118:4:118:Infinity":43,"s:118:27:118:Infinity":44,"s:119:10:119:Infinity":45,"s:120:4:132:Infinity":46,"s:121:21:121:Infinity":47,"b:122:6:124:Infinity:undefined:undefined:undefined:undefined":10,"s:122:6:124:Infinity":48,"b:122:10:122:32:122:32:122:54:122:54:122:73":11,"s:123:8:123:Infinity":49,"s:125:6:125:Infinity":50,"b:127:6:130:Infinity:undefined:undefined:undefined:undefined":12,"s:127:6:130:Infinity":51,"s:128:8:128:Infinity":52,"s:129:8:129:Infinity":53,"s:131:6:131:Infinity":54,"f:136:2:136:6":11,"s:137:4:148:Infinity":55,"s:137:20:137:23":56,"s:138:19:138:Infinity":57,"b:139:6:147:Infinity:undefined:undefined:undefined:undefined":13,"s:139:6:147:Infinity":58,"s:140:8:146:Infinity":59,"s:141:16:141:Infinity":60,"s:142:23:142:Infinity":61,"b:143:10:143:Infinity:undefined:undefined:undefined:undefined":14,"s:143:10:143:Infinity":62,"s:143:44:143:Infinity":63,"s:145:10:145:Infinity":64,"s:149:4:149:Infinity":65,"f:153:2:153:13":12,"b:154:4:154:Infinity:undefined:undefined:undefined:undefined":15,"s:154:4:154:Infinity":66,"b:154:8:154:36:154:36:154:48:154:48:154:72":16,"s:154:72:154:Infinity":67,"s:155:16:155:Infinity":68,"b:156:4:156:Infinity:undefined:undefined:undefined:undefined":17,"s:156:4:156:Infinity":69,"s:156:26:156:Infinity":70,"s:157:10:157:Infinity":71,"s:158:10:158:Infinity":72,"s:159:21:159:Infinity":73,"s:160:10:160:Infinity":74,"s:161:30:168:Infinity":75,"b:166:17:166:119:166:119:166:Infinity":18,"f:166:29:166:35":13,"s:166:43:166:80":76,"s:166:80:166:112":77,"s:169:4:174:Infinity":78,"s:170:6:170:Infinity":79,"s:172:20:172:Infinity":80,"b:172:43:172:57:172:57:172:Infinity":19,"s:173:6:173:Infinity":81,"s:175:4:175:Infinity":82,"s:176:4:176:Infinity":83,"f:180:2:180:7":14,"s:181:18:181:Infinity":84,"s:183:18:183:Infinity":85,"f:183:29:183:30":15,"s:183:36:183:80":86,"b:183:36:183:65:183:65:183:80":20,"s:184:17:184:Infinity":87,"b:184:25:184:38:184:38:184:Infinity":21,"s:185:4:185:Infinity":88,"f:189:2:189:15":16,"s:190:17:190:Infinity":89,"b:191:4:194:Infinity:undefined:undefined:undefined:undefined":22,"s:191:4:194:Infinity":90,"s:192:6:192:Infinity":91,"s:193:6:193:Infinity":92,"f:198:2:198:11":17,"s:199:4:205:Infinity":93,"s:200:20:200:Infinity":94,"s:201:6:201:Infinity":95,"s:203:6:203:Infinity":96,"s:204:6:204:Infinity":97,"f:209:2:209:9":18,"s:210:4:221:Infinity":98,"s:210:20:210:23":99,"s:211:19:211:Infinity":100,"b:212:6:220:Infinity:undefined:undefined:undefined:undefined":23,"s:212:6:220:Infinity":101,"s:213:14:213:Infinity":102,"s:214:21:214:Infinity":103,"b:215:8:219:Infinity:undefined:undefined:undefined:undefined":24,"s:215:8:219:Infinity":104,"s:216:10:216:Infinity":105,"s:217:10:217:Infinity":106,"s:218:10:218:Infinity":107}}}
,"C:\\Users\\Administrator\\Documents\\GitHub\\game\\apps\\api\\src\\utils\\logger.ts": {"path":"C:\\Users\\Administrator\\Documents\\GitHub\\game\\apps\\api\\src\\utils\\logger.ts","statementMap":{"0":{"start":{"line":6,"column":6},"end":{"line":6,"column":null}},"1":{"start":{"line":7,"column":23},"end":{"line":7,"column":null}},"2":{"start":{"line":9,"column":14},"end":{"line":9,"column":null}},"3":{"start":{"line":10,"column":6},"end":{"line":10,"column":null}},"4":{"start":{"line":11,"column":6},"end":{"line":11,"column":null}},"5":{"start":{"line":13,"column":47},"end":{"line":24,"column":null}},"6":{"start":{"line":26,"column":22},"end":{"line":28,"column":null}},"7":{"start":{"line":31,"column":2},"end":{"line":31,"column":null}}},"fnMap":{"0":{"name":"createModuleLogger","decl":{"start":{"line":30,"column":16},"end":{"line":30,"column":35}},"loc":{"start":{"line":30,"column":51},"end":{"line":32,"column":null}},"line":30}},"branchMap":{"0":{"loc":{"start":{"line":9,"column":14},"end":{"line":9,"column":null}},"type":"binary-expr","locations":[{"start":{"line":9,"column":14},"end":{"line":9,"column":39}},{"start":{"line":9,"column":39},"end":{"line":9,"column":null}}],"line":9},"1":{"loc":{"start":{"line":26,"column":22},"end":{"line":28,"column":null}},"type":"cond-expr","locations":[{"start":{"line":26,"column":47},"end":{"line":27,"column":null}},{"start":{"line":27,"column":42},"end":{"line":28,"column":null}}],"line":26}},"s":{"0":4,"1":4,"2":4,"3":4,"4":4,"5":4,"6":4,"7":4},"f":{"0":4},"b":{"0":[4,4],"1":[0,4]},"meta":{"lastBranch":2,"lastFunction":1,"lastStatement":8,"seen":{"s:6:6:6:Infinity":0,"s:7:23:7:Infinity":1,"s:9:14:9:Infinity":2,"b:9:14:9:39:9:39:9:Infinity":0,"s:10:6:10:Infinity":3,"s:11:6:11:Infinity":4,"s:13:47:24:Infinity":5,"s:26:22:28:Infinity":6,"b:26:47:27:Infinity:27:42:28:Infinity":1,"f:30:16:30:35":0,"s:31:2:31:Infinity":7}}}
}
